Using pre-set license
Built from '2020.3/staging' branch; Version is '2020.3.18f1 (a7d1c678663c) revision 10998214'; Using compiler version '192528614'; Build Type 'Release'
OS: 'Windows 10 Home; OS build 18363.1316; Version 1909; 64bit' Language: 'en' Physical Memory: 8034 MB
BatchMode: 1, IsHumanControllingUs: 0, StartBugReporterOnCrash: 0, Is64bit: 1, IsPro: 0

COMMAND LINE ARGUMENTS:
D:\2020.3.18f1\Editor\Unity.exe
-adb2
-batchMode
-noUpm
-name
AssetImportWorker0
-projectPath
D:/Unity/Unity_SFRGame_VacationExercise_2022/My project
-logFile
Logs/AssetImportWorker0.log
-srvPort
63753
Successfully changed project path to: D:/Unity/Unity_SFRGame_VacationExercise_2022/My project
D:/Unity/Unity_SFRGame_VacationExercise_2022/My project
Using Asset Import Pipeline V2.
Refreshing native plugins compatible for Editor in 34.53 ms, found 2 plugins.
Preloading 0 native plugins for Editor in 0.00 ms.
Initialize engine version: 2020.3.18f1 (a7d1c678663c)
[Subsystems] Discovering subsystems at path D:/2020.3.18f1/Editor/Data/Resources/UnitySubsystems
[Subsystems] Discovering subsystems at path D:/Unity/Unity_SFRGame_VacationExercise_2022/My project/Assets
GfxDevice: creating device client; threaded=0
Direct3D:
    Version:  Direct3D 11.0 [level 11.1]
    Renderer: NVIDIA GeForce GTX 1050 (ID=0x1c91)
    Vendor:   
    VRAM:     2996 MB
    Driver:   27.21.14.5167
Initialize mono
Mono path[0] = 'D:/2020.3.18f1/Editor/Data/Managed'
Mono path[1] = 'D:/2020.3.18f1/Editor/Data/MonoBleedingEdge/lib/mono/unityjit'
Mono config path = 'D:/2020.3.18f1/Editor/Data/MonoBleedingEdge/etc'
Using monoOptions --debugger-agent=transport=dt_socket,embedding=1,server=y,suspend=n,address=127.0.0.1:56120
Begin MonoManager ReloadAssembly
Registering precompiled unity dll's ...
Register platform support module: D:/2020.3.18f1/Editor/Data/PlaybackEngines/WebGLSupport/UnityEditor.WebGL.Extensions.dll
Register platform support module: D:/2020.3.18f1/Editor/Data/PlaybackEngines/WindowsStandaloneSupport/UnityEditor.WindowsStandalone.Extensions.dll
Registered in 0.001215 seconds.
Native extension for WindowsStandalone target not found
Native extension for WebGL target not found
Refreshing native plugins compatible for Editor in 35.24 ms, found 2 plugins.
Preloading 0 native plugins for Editor in 0.00 ms.
Mono: successfully reloaded assembly
- Completed reload, in  1.456 seconds
Domain Reload Profiling:
	ReloadAssembly (1457ms)
		BeginReloadAssembly (52ms)
			ExecutionOrderSort (0ms)
			DisableScriptedObjects (0ms)
			BackupInstance (0ms)
			ReleaseScriptingObjects (0ms)
			CreateAndSetChildDomain (1ms)
		EndReloadAssembly (393ms)
			LoadAssemblies (51ms)
			RebuildTransferFunctionScriptingTraits (0ms)
			SetupTypeCache (141ms)
			ReleaseScriptCaches (0ms)
			RebuildScriptCaches (34ms)
			SetupLoadedEditorAssemblies (154ms)
				LogAssemblyErrors (0ms)
				InitializePlatformSupportModulesInManaged (4ms)
				SetLoadedEditorAssemblies (0ms)
				RefreshPlugins (35ms)
				BeforeProcessingInitializeOnLoad (17ms)
				ProcessInitializeOnLoadAttributes (72ms)
				ProcessInitializeOnLoadMethodAttributes (25ms)
				AfterProcessingInitializeOnLoad (0ms)
				EditorAssembliesLoaded (0ms)
			ExecutionOrderSort2 (0ms)
			AwakeInstancesAfterBackupRestoration (0ms)
Platform modules already initialized, skipping
Registering precompiled user dll's ...
Registered in 0.002258 seconds.
Begin MonoManager ReloadAssembly
Native extension for WindowsStandalone target not found
Native extension for WebGL target not found
Refreshing native plugins compatible for Editor in 32.62 ms, found 2 plugins.
Preloading 0 native plugins for Editor in 0.00 ms.
Mono: successfully reloaded assembly
- Completed reload, in  1.094 seconds
Domain Reload Profiling:
	ReloadAssembly (1095ms)
		BeginReloadAssembly (148ms)
			ExecutionOrderSort (0ms)
			DisableScriptedObjects (4ms)
			BackupInstance (0ms)
			ReleaseScriptingObjects (0ms)
			CreateAndSetChildDomain (20ms)
		EndReloadAssembly (895ms)
			LoadAssemblies (89ms)
			RebuildTransferFunctionScriptingTraits (0ms)
			SetupTypeCache (265ms)
			ReleaseScriptCaches (0ms)
			RebuildScriptCaches (45ms)
			SetupLoadedEditorAssemblies (384ms)
				LogAssemblyErrors (0ms)
				InitializePlatformSupportModulesInManaged (4ms)
				SetLoadedEditorAssemblies (0ms)
				RefreshPlugins (33ms)
				BeforeProcessingInitializeOnLoad (65ms)
				ProcessInitializeOnLoadAttributes (270ms)
				ProcessInitializeOnLoadMethodAttributes (9ms)
				AfterProcessingInitializeOnLoad (3ms)
				EditorAssembliesLoaded (0ms)
			ExecutionOrderSort2 (0ms)
			AwakeInstancesAfterBackupRestoration (8ms)
Platform modules already initialized, skipping
========================================================================
Worker process is ready to serve import requests
Launched and connected shader compiler UnityShaderCompiler.exe after 0.07 seconds
Refreshing native plugins compatible for Editor in 0.39 ms, found 2 plugins.
Preloading 0 native plugins for Editor in 0.00 ms.
Unloading 1856 Unused Serialized files (Serialized files now loaded: 0)
System memory in use before: 83.0 MB.
System memory in use after: 83.1 MB.

Unloading 19 unused Assets to reduce memory usage. Loaded Objects now: 2294.
Total: 4.177700 ms (FindLiveObjects: 0.311300 ms CreateObjectMapping: 0.071200 ms MarkObjects: 3.716000 ms  DeleteObjects: 0.077500 ms)

AssetImportParameters requested are different than current active one (requested -> active):
  custom:framework-win-MediaFoundation: 216162199b28c13a410421893ffa2e32 -> 
  custom:video-decoder-ogg-theora: a1e56fd34408186e4bbccfd4996cb3dc -> 
  custom:container-muxer-webm: aa71ff27fc2769a1b78a27578f13a17b -> 
  custom:container-demuxer-webm: 4f35f7cbe854078d1ac9338744f61a02 -> 
  custom:container-demuxer-ogg: 62fdf1f143b41e24485cea50d1cbac27 -> 
  custom:video-encoder-webm-vp8: eb34c28f22e8b96e1ab97ce403110664 -> 
  custom:video-decoder-webm-vp8: 9c59270c3fd7afecdb556c50c9e8de78 -> 
  custom:audio-decoder-ogg-vorbis: bf7c407c2cedff20999df2af8eb42d56 -> 
  custom:audio-encoder-webm-vorbis: bf7c407c2cedff20999df2af8eb42d56 -> 
========================================================================
Received Import Request.
  path: Assets/StarterAssets/Readme.asset
  artifactKey: Guid(4181bfe715a83e843b7538d750dc57cc) Importer(815301076,1909f56bfc062723c751e8b465ee728b)
Start importing Assets/StarterAssets/Readme.asset using Guid(4181bfe715a83e843b7538d750dc57cc) Importer(815301076,1909f56bfc062723c751e8b465ee728b)  -> (artifact id: '13167d1a8141c6a91ea2a8d07c3902f8') in 0.208883 seconds 
  Import took 0.212792 seconds .

========================================================================
Received Import Request.
  Time since last request: 48.435272 seconds.
  path: Assets/Scenes/SampleScene.unity
  artifactKey: Guid(9fc0d4010bbf28b4594072e72b8655ab) Importer(815301076,1909f56bfc062723c751e8b465ee728b)
Start importing Assets/Scenes/SampleScene.unity using Guid(9fc0d4010bbf28b4594072e72b8655ab) Importer(815301076,1909f56bfc062723c751e8b465ee728b)  -> (artifact id: '85059f4f9e1a832ed95adaa0d25c5c4c') in 0.002823 seconds 
  Import took 0.006680 seconds .

========================================================================
Received Import Request.
  Time since last request: 0.060548 seconds.
  path: Assets/Scenes/SampleScene.unity
  artifactKey: Guid(9fc0d4010bbf28b4594072e72b8655ab) Importer(815301076,1909f56bfc062723c751e8b465ee728b)
Start importing Assets/Scenes/SampleScene.unity using Guid(9fc0d4010bbf28b4594072e72b8655ab) Importer(815301076,1909f56bfc062723c751e8b465ee728b)  -> (artifact id: '85059f4f9e1a832ed95adaa0d25c5c4c') in 0.002093 seconds 
  Import took 0.006263 seconds .

========================================================================
Received Import Request.
  Time since last request: 4.322732 seconds.
  path: Assets/StarterAssets/TutorialInfo
  artifactKey: Guid(6470938f772668e469271378aa576f7c) Importer(815301076,1909f56bfc062723c751e8b465ee728b)
Start importing Assets/StarterAssets/TutorialInfo using Guid(6470938f772668e469271378aa576f7c) Importer(815301076,1909f56bfc062723c751e8b465ee728b)  -> (artifact id: '04ea4ded61f512c44a2ddcb6773ed3f8') in 0.001766 seconds 
  Import took 0.004641 seconds .

========================================================================
Received Import Request.
  Time since last request: 0.028574 seconds.
  path: Assets/StarterAssets/TutorialInfo
  artifactKey: Guid(6470938f772668e469271378aa576f7c) Importer(815301076,1909f56bfc062723c751e8b465ee728b)
Start importing Assets/StarterAssets/TutorialInfo using Guid(6470938f772668e469271378aa576f7c) Importer(815301076,1909f56bfc062723c751e8b465ee728b)  -> (artifact id: '04ea4ded61f512c44a2ddcb6773ed3f8') in 0.001674 seconds 
  Import took 0.004932 seconds .

========================================================================
Received Import Request.
  Time since last request: 2.172888 seconds.
  path: Assets/StarterAssets/ThirdPersonController
  artifactKey: Guid(54b90d7f60b179e4e9909cd127aa060d) Importer(815301076,1909f56bfc062723c751e8b465ee728b)
Start importing Assets/StarterAssets/ThirdPersonController using Guid(54b90d7f60b179e4e9909cd127aa060d) Importer(815301076,1909f56bfc062723c751e8b465ee728b)  -> (artifact id: 'ccaca2cb3ed41389961dac8a636339e1') in 0.001659 seconds 
  Import took 0.004637 seconds .

========================================================================
Received Import Request.
  Time since last request: 1.398383 seconds.
  path: Assets/StarterAssets/ThirdPersonController/Scenes
  artifactKey: Guid(89e5f9b6a0fcdae4e8ccb4b461925e8c) Importer(815301076,1909f56bfc062723c751e8b465ee728b)
Start importing Assets/StarterAssets/ThirdPersonController/Scenes using Guid(89e5f9b6a0fcdae4e8ccb4b461925e8c) Importer(815301076,1909f56bfc062723c751e8b465ee728b)  -> (artifact id: '66160e98a040a5a40bed15927db5fc74') in 0.017219 seconds 
  Import took 0.031225 seconds .

========================================================================
Received Import Request.
  Time since last request: 0.861847 seconds.
  path: Assets/StarterAssets/ThirdPersonController/Scenes/Playground.unity
  artifactKey: Guid(e9017d5f96b9f09489b4b37e1d6eb914) Importer(815301076,1909f56bfc062723c751e8b465ee728b)
Start importing Assets/StarterAssets/ThirdPersonController/Scenes/Playground.unity using Guid(e9017d5f96b9f09489b4b37e1d6eb914) Importer(815301076,1909f56bfc062723c751e8b465ee728b)  -> (artifact id: '641e7f5ea335728b3131c373167c6795') in 0.001727 seconds 
  Import took 0.004583 seconds .

========================================================================
Received Import Request.
  Time since last request: 89.120111 seconds.
  path: Assets/Low Poly Hexagons/Assets
  artifactKey: Guid(5dc68b1459814b64c8317fbda545f2dd) Importer(815301076,1909f56bfc062723c751e8b465ee728b)
Start importing Assets/Low Poly Hexagons/Assets using Guid(5dc68b1459814b64c8317fbda545f2dd) Importer(815301076,1909f56bfc062723c751e8b465ee728b)  -> (artifact id: '87f5b603d4a72a288a36e4085c3f5e9c') in 0.002634 seconds 
  Import took 0.007226 seconds .

========================================================================
Received Import Request.
  Time since last request: 0.689435 seconds.
  path: Assets/Low Poly Hexagons/Assets/Models
  artifactKey: Guid(bc1a6dd1d87542249ab7da687d7b241e) Importer(815301076,1909f56bfc062723c751e8b465ee728b)
Start importing Assets/Low Poly Hexagons/Assets/Models using Guid(bc1a6dd1d87542249ab7da687d7b241e) Importer(815301076,1909f56bfc062723c751e8b465ee728b)  -> (artifact id: 'd136435d28b046230f77f508f0e31535') in 0.002262 seconds 
  Import took 0.005384 seconds .

========================================================================
Received Import Request.
  Time since last request: 0.838702 seconds.
  path: Assets/Low Poly Hexagons/Assets/Models/Objects
  artifactKey: Guid(f016fb86596db4d4b9deeb07a63215b2) Importer(815301076,1909f56bfc062723c751e8b465ee728b)
Start importing Assets/Low Poly Hexagons/Assets/Models/Objects using Guid(f016fb86596db4d4b9deeb07a63215b2) Importer(815301076,1909f56bfc062723c751e8b465ee728b)  -> (artifact id: 'e6b6ce931c5ebbb9cf14d6fafe33400f') in 0.002331 seconds 
  Import took 0.006030 seconds .

========================================================================
Received Import Request.
  Time since last request: 0.092619 seconds.
  path: Assets/Low Poly Hexagons/Assets/Models/Objects/Candy.fbx
  artifactKey: Guid(992ebedeb89f78745872862703a99350) Importer(815301076,1909f56bfc062723c751e8b465ee728b)
Start importing Assets/Low Poly Hexagons/Assets/Models/Objects/Candy.fbx using Guid(992ebedeb89f78745872862703a99350) Importer(815301076,1909f56bfc062723c751e8b465ee728b)  -> (artifact id: 'b806191e3a1c4a98ed1be162940904d3') in 1.190939 seconds 
  Import took 1.194233 seconds .

========================================================================
Received Import Request.
  Time since last request: 0.000478 seconds.
  path: Assets/Low Poly Hexagons/Assets/Models/Objects/HellSpikes.fbx
  artifactKey: Guid(f77157ff8b3b15c40b45b76ceb09fbcc) Importer(815301076,1909f56bfc062723c751e8b465ee728b)
Start importing Assets/Low Poly Hexagons/Assets/Models/Objects/HellSpikes.fbx using Guid(f77157ff8b3b15c40b45b76ceb09fbcc) Importer(815301076,1909f56bfc062723c751e8b465ee728b)  -> (artifact id: '7fdf32f425345f1679a97541172e7f46') in 0.012081 seconds 
  Import took 0.014783 seconds .

========================================================================
Received Import Request.
  Time since last request: 0.000324 seconds.
  path: Assets/Low Poly Hexagons/Assets/Models/Objects/HellTrees.fbx
  artifactKey: Guid(363747246ac62bc46a1ac8459be93e63) Importer(815301076,1909f56bfc062723c751e8b465ee728b)
Start importing Assets/Low Poly Hexagons/Assets/Models/Objects/HellTrees.fbx using Guid(363747246ac62bc46a1ac8459be93e63) Importer(815301076,1909f56bfc062723c751e8b465ee728b)  -> (artifact id: 'b6be62edf21938a46a8a208224ab93c4') in 0.010799 seconds 
  Import took 0.013335 seconds .

========================================================================
Received Import Request.
  Time since last request: 0.000397 seconds.
  path: Assets/Low Poly Hexagons/Assets/Models/Objects/Crops.fbx
  artifactKey: Guid(aa92d7499b0a4b643945a413fc6d6391) Importer(815301076,1909f56bfc062723c751e8b465ee728b)
Start importing Assets/Low Poly Hexagons/Assets/Models/Objects/Crops.fbx using Guid(aa92d7499b0a4b643945a413fc6d6391) Importer(815301076,1909f56bfc062723c751e8b465ee728b)  -> (artifact id: 'bb1e598dca048ef55179ffbb5b3755bb') in 0.011137 seconds 
  Import took 0.013614 seconds .

========================================================================
Received Import Request.
  Time since last request: 0.000402 seconds.
  path: Assets/Low Poly Hexagons/Assets/Models/Objects/Forest2.fbx
  artifactKey: Guid(30b8fddb9d59fdc4482ca80c2650ea55) Importer(815301076,1909f56bfc062723c751e8b465ee728b)
Start importing Assets/Low Poly Hexagons/Assets/Models/Objects/Forest2.fbx using Guid(30b8fddb9d59fdc4482ca80c2650ea55) Importer(815301076,1909f56bfc062723c751e8b465ee728b)  -> (artifact id: 'c19141fc24a93f7675bd1739500fdcdb') in 0.013432 seconds 
  Import took 0.016780 seconds .

========================================================================
Received Import Request.
  Time since last request: 0.000435 seconds.
  path: Assets/Low Poly Hexagons/Assets/Models/Objects/Desert2.fbx
  artifactKey: Guid(733a5877dfd4c884cbf06292ffe18ab1) Importer(815301076,1909f56bfc062723c751e8b465ee728b)
Start importing Assets/Low Poly Hexagons/Assets/Models/Objects/Desert2.fbx using Guid(733a5877dfd4c884cbf06292ffe18ab1) Importer(815301076,1909f56bfc062723c751e8b465ee728b)  -> (artifact id: 'f7128ee303154cf0178029150d23f7ec') in 0.014369 seconds 
  Import took 0.017417 seconds .

========================================================================
Received Import Request.
  Time since last request: 0.000429 seconds.
  path: Assets/Low Poly Hexagons/Assets/Models/Objects/Flowers.fbx
  artifactKey: Guid(dcadbc0f2d7e2964e91f8be5365ff0e3) Importer(815301076,1909f56bfc062723c751e8b465ee728b)
Start importing Assets/Low Poly Hexagons/Assets/Models/Objects/Flowers.fbx using Guid(dcadbc0f2d7e2964e91f8be5365ff0e3) Importer(815301076,1909f56bfc062723c751e8b465ee728b)  -> (artifact id: '8b81aa24d66cdaed459872679333cb3e') in 0.013974 seconds 
  Import took 0.017143 seconds .

========================================================================
Received Import Request.
  Time since last request: 0.000457 seconds.
  path: Assets/Low Poly Hexagons/Assets/Models/Objects/DesertMountain.fbx
  artifactKey: Guid(7eeda7af5f1bf7248aa25cadf7804e79) Importer(815301076,1909f56bfc062723c751e8b465ee728b)
Start importing Assets/Low Poly Hexagons/Assets/Models/Objects/DesertMountain.fbx using Guid(7eeda7af5f1bf7248aa25cadf7804e79) Importer(815301076,1909f56bfc062723c751e8b465ee728b)  -> (artifact id: '300506a62f4503982d521560d624481c') in 0.014137 seconds 
  Import took 0.018240 seconds .

========================================================================
Received Import Request.
  Time since last request: 0.000490 seconds.
  path: Assets/Low Poly Hexagons/Assets/Models/Objects/GlaciersOnWater.fbx
  artifactKey: Guid(1d59c68e50152a7469718524c718b591) Importer(815301076,1909f56bfc062723c751e8b465ee728b)
Start importing Assets/Low Poly Hexagons/Assets/Models/Objects/GlaciersOnWater.fbx using Guid(1d59c68e50152a7469718524c718b591) Importer(815301076,1909f56bfc062723c751e8b465ee728b)  -> (artifact id: 'c814b4e4d2f70ab1cc837498bb94e587') in 0.017025 seconds 
  Import took 0.021013 seconds .

========================================================================
Received Import Request.
  Time since last request: 0.000531 seconds.
  path: Assets/Low Poly Hexagons/Assets/Models/Objects/Candy2.fbx
  artifactKey: Guid(c4d5949fad8f91146994bff78a215afd) Importer(815301076,1909f56bfc062723c751e8b465ee728b)
Start importing Assets/Low Poly Hexagons/Assets/Models/Objects/Candy2.fbx using Guid(c4d5949fad8f91146994bff78a215afd) Importer(815301076,1909f56bfc062723c751e8b465ee728b)  -> (artifact id: '8158ae7c36b7e9f6631bcbb667e3cc35') in 0.014928 seconds 
  Import took 0.020339 seconds .

========================================================================
Received Import Request.
  Time since last request: 0.000412 seconds.
  path: Assets/Low Poly Hexagons/Assets/Models/Objects/Fence.fbx
  artifactKey: Guid(017dba9d3f86e55429403ce249b9d374) Importer(815301076,1909f56bfc062723c751e8b465ee728b)
Start importing Assets/Low Poly Hexagons/Assets/Models/Objects/Fence.fbx using Guid(017dba9d3f86e55429403ce249b9d374) Importer(815301076,1909f56bfc062723c751e8b465ee728b)  -> (artifact id: '89ae58f7d90d1423fe91a8ca6b477586') in 0.013512 seconds 
  Import took 0.017976 seconds .

========================================================================
Received Import Request.
  Time since last request: 0.000439 seconds.
  path: Assets/Low Poly Hexagons/Assets/Models/Objects/Candy2.fbx
  artifactKey: Guid(c4d5949fad8f91146994bff78a215afd) Importer(815301076,1909f56bfc062723c751e8b465ee728b)
Start importing Assets/Low Poly Hexagons/Assets/Models/Objects/Candy2.fbx using Guid(c4d5949fad8f91146994bff78a215afd) Importer(815301076,1909f56bfc062723c751e8b465ee728b)  -> (artifact id: '8158ae7c36b7e9f6631bcbb667e3cc35') in 0.013983 seconds 
  Import took 0.017802 seconds .

========================================================================
Received Import Request.
  Time since last request: 0.000505 seconds.
  path: Assets/Low Poly Hexagons/Assets/Models/Objects/ForestCutDown.fbx
  artifactKey: Guid(33402c7be1d334e4ca6727402135ab21) Importer(815301076,1909f56bfc062723c751e8b465ee728b)
Start importing Assets/Low Poly Hexagons/Assets/Models/Objects/ForestCutDown.fbx using Guid(33402c7be1d334e4ca6727402135ab21) Importer(815301076,1909f56bfc062723c751e8b465ee728b)  -> (artifact id: 'ca023bbe8280078b9c4bff06e7d21171') in 0.013027 seconds 
  Import took 0.016532 seconds .

========================================================================
Received Import Request.
  Time since last request: 0.000447 seconds.
  path: Assets/Low Poly Hexagons/Assets/Models/Objects/EvilCastle.fbx
  artifactKey: Guid(babdee3501cc4c544857998486e731f4) Importer(815301076,1909f56bfc062723c751e8b465ee728b)
Start importing Assets/Low Poly Hexagons/Assets/Models/Objects/EvilCastle.fbx using Guid(babdee3501cc4c544857998486e731f4) Importer(815301076,1909f56bfc062723c751e8b465ee728b)  -> (artifact id: 'bec97bc66c1c19082f2e140cdc50c8c1') in 0.014109 seconds 
  Import took 0.017153 seconds .

========================================================================
Received Import Request.
  Time since last request: 0.000336 seconds.
  path: Assets/Low Poly Hexagons/Assets/Models/Objects/Desert.fbx
  artifactKey: Guid(a025a32516828c34990573f705b51da8) Importer(815301076,1909f56bfc062723c751e8b465ee728b)
Start importing Assets/Low Poly Hexagons/Assets/Models/Objects/Desert.fbx using Guid(a025a32516828c34990573f705b51da8) Importer(815301076,1909f56bfc062723c751e8b465ee728b)  -> (artifact id: 'd636e5dc3a020cd3ccd3675054ddf7dc') in 0.010733 seconds 
  Import took 0.013486 seconds .

========================================================================
Received Import Request.
  Time since last request: 0.000426 seconds.
  path: Assets/Low Poly Hexagons/Assets/Models/Objects/Factory.fbx
  artifactKey: Guid(7b6877e76b3882549bdac7c390b0efd8) Importer(815301076,1909f56bfc062723c751e8b465ee728b)
Start importing Assets/Low Poly Hexagons/Assets/Models/Objects/Factory.fbx using Guid(7b6877e76b3882549bdac7c390b0efd8) Importer(815301076,1909f56bfc062723c751e8b465ee728b)  -> (artifact id: '975154ad582e7f1a1f771bcf500e73de') in 0.010208 seconds 
  Import took 0.012831 seconds .

========================================================================
Received Import Request.
  Time since last request: 0.000398 seconds.
  path: Assets/Low Poly Hexagons/Assets/Models/Objects/Forest.fbx
  artifactKey: Guid(26be381455f4a274c8688dd8ff4f5893) Importer(815301076,1909f56bfc062723c751e8b465ee728b)
Start importing Assets/Low Poly Hexagons/Assets/Models/Objects/Forest.fbx using Guid(26be381455f4a274c8688dd8ff4f5893) Importer(815301076,1909f56bfc062723c751e8b465ee728b)  -> (artifact id: 'ecd9e669eaa07a52c94733f98dcfb468') in 0.010297 seconds 
  Import took 0.012887 seconds .

========================================================================
Received Import Request.
  Time since last request: 0.000371 seconds.
  path: Assets/Low Poly Hexagons/Assets/Models/Objects/Castle.fbx
  artifactKey: Guid(60d00613262778e46b8837d66fd34d59) Importer(815301076,1909f56bfc062723c751e8b465ee728b)
Start importing Assets/Low Poly Hexagons/Assets/Models/Objects/Castle.fbx using Guid(60d00613262778e46b8837d66fd34d59) Importer(815301076,1909f56bfc062723c751e8b465ee728b)  -> (artifact id: 'db2818a8ebae907018e5986f1d2b475b') in 0.009607 seconds 
  Import took 0.012140 seconds .

========================================================================
Received Import Request.
  Time since last request: 8.692602 seconds.
  path: Assets/Low Poly Hexagons/Assets/Prefabs
  artifactKey: Guid(975b5071d2fb57b4e9292c99153ee364) Importer(815301076,1909f56bfc062723c751e8b465ee728b)
Start importing Assets/Low Poly Hexagons/Assets/Prefabs using Guid(975b5071d2fb57b4e9292c99153ee364) Importer(815301076,1909f56bfc062723c751e8b465ee728b)  -> (artifact id: 'e6d7457516655857b14a305823465937') in 0.001662 seconds 
  Import took 0.005054 seconds .

========================================================================
Received Import Request.
  Time since last request: 0.739302 seconds.
  path: Assets/Low Poly Hexagons/Assets/Prefabs/Hexagons
  artifactKey: Guid(eee9557aba7910842adfda3b0d312580) Importer(815301076,1909f56bfc062723c751e8b465ee728b)
Start importing Assets/Low Poly Hexagons/Assets/Prefabs/Hexagons using Guid(eee9557aba7910842adfda3b0d312580) Importer(815301076,1909f56bfc062723c751e8b465ee728b)  -> (artifact id: 'a9bc9b564c828a106d9a8bf5523bce20') in 0.001807 seconds 
  Import took 0.005522 seconds .

========================================================================
Received Import Request.
  Time since last request: 0.056045 seconds.
  path: Assets/Low Poly Hexagons/Assets/Prefabs/Hexagons/BeachShore.prefab
  artifactKey: Guid(71199765df3f9d147bc10d0b8c6f4af7) Importer(815301076,1909f56bfc062723c751e8b465ee728b)
Start importing Assets/Low Poly Hexagons/Assets/Prefabs/Hexagons/BeachShore.prefab using Guid(71199765df3f9d147bc10d0b8c6f4af7) Importer(815301076,1909f56bfc062723c751e8b465ee728b)  -> (artifact id: '82eaf9451efc9537f8a0d741d4f253dd') in 0.010381 seconds 
  Import took 0.013421 seconds .

========================================================================
Received Import Request.
  Time since last request: 0.000405 seconds.
  path: Assets/Low Poly Hexagons/Assets/Prefabs/Hexagons/Hex5.prefab
  artifactKey: Guid(beebce36c61d60f42b22b153abcfd9b0) Importer(815301076,1909f56bfc062723c751e8b465ee728b)
Start importing Assets/Low Poly Hexagons/Assets/Prefabs/Hexagons/Hex5.prefab using Guid(beebce36c61d60f42b22b153abcfd9b0) Importer(815301076,1909f56bfc062723c751e8b465ee728b)  -> (artifact id: '314429d8720a6b5a8e9d1e95ad1f0ffb') in 0.008786 seconds 
  Import took 0.011952 seconds .

========================================================================
Received Import Request.
  Time since last request: 0.000381 seconds.
  path: Assets/Low Poly Hexagons/Assets/Prefabs/Hexagons/Hex11.prefab
  artifactKey: Guid(8d65fe10dbb32e34aa703943ab85d9c0) Importer(815301076,1909f56bfc062723c751e8b465ee728b)
Start importing Assets/Low Poly Hexagons/Assets/Prefabs/Hexagons/Hex11.prefab using Guid(8d65fe10dbb32e34aa703943ab85d9c0) Importer(815301076,1909f56bfc062723c751e8b465ee728b)  -> (artifact id: '836c7bafa11d593afb8b5043bc259751') in 0.008052 seconds 
  Import took 0.011299 seconds .

========================================================================
Received Import Request.
  Time since last request: 0.000392 seconds.
  path: Assets/Low Poly Hexagons/Assets/Prefabs/Hexagons/Hex13.prefab
  artifactKey: Guid(9c6353c0a6f5e524b8c947bc6aa1c756) Importer(815301076,1909f56bfc062723c751e8b465ee728b)
Start importing Assets/Low Poly Hexagons/Assets/Prefabs/Hexagons/Hex13.prefab using Guid(9c6353c0a6f5e524b8c947bc6aa1c756) Importer(815301076,1909f56bfc062723c751e8b465ee728b)  -> (artifact id: '09cdcf1bb7a029a927433b60ebb23993') in 0.009631 seconds 
  Import took 0.013542 seconds .

========================================================================
Received Import Request.
  Time since last request: 0.000466 seconds.
  path: Assets/Low Poly Hexagons/Assets/Prefabs/Hexagons/Hex7.prefab
  artifactKey: Guid(1e37ca3e943829a479e4ff6d29c23d73) Importer(815301076,1909f56bfc062723c751e8b465ee728b)
Start importing Assets/Low Poly Hexagons/Assets/Prefabs/Hexagons/Hex7.prefab using Guid(1e37ca3e943829a479e4ff6d29c23d73) Importer(815301076,1909f56bfc062723c751e8b465ee728b)  -> (artifact id: 'e90f54116744a8700ffac23761050bfc') in 0.008497 seconds 
  Import took 0.011966 seconds .

========================================================================
Received Import Request.
  Time since last request: 0.000405 seconds.
  path: Assets/Low Poly Hexagons/Assets/Prefabs/Hexagons/Hex9.prefab
  artifactKey: Guid(b6b0c220ebe042b498958eadf1f52fa4) Importer(815301076,1909f56bfc062723c751e8b465ee728b)
Start importing Assets/Low Poly Hexagons/Assets/Prefabs/Hexagons/Hex9.prefab using Guid(b6b0c220ebe042b498958eadf1f52fa4) Importer(815301076,1909f56bfc062723c751e8b465ee728b)  -> (artifact id: '584144b2752e5b96506c060e73e37c39') in 0.008241 seconds 
  Import took 0.011524 seconds .

========================================================================
Received Import Request.
  Time since last request: 0.000466 seconds.
  path: Assets/Low Poly Hexagons/Assets/Prefabs/Hexagons/Hex8.prefab
  artifactKey: Guid(4f49c09706dbf4a4e99dc6a51fab25cc) Importer(815301076,1909f56bfc062723c751e8b465ee728b)
Start importing Assets/Low Poly Hexagons/Assets/Prefabs/Hexagons/Hex8.prefab using Guid(4f49c09706dbf4a4e99dc6a51fab25cc) Importer(815301076,1909f56bfc062723c751e8b465ee728b)  -> (artifact id: '6936b805b0b3a7b8fe81ca3e1005bdee') in 0.007715 seconds 
  Import took 0.011405 seconds .

========================================================================
Received Import Request.
  Time since last request: 0.000479 seconds.
  path: Assets/Low Poly Hexagons/Assets/Prefabs/Hexagons/Hex14.prefab
  artifactKey: Guid(92b694c77a8f5d64eb88d747e08f1905) Importer(815301076,1909f56bfc062723c751e8b465ee728b)
Start importing Assets/Low Poly Hexagons/Assets/Prefabs/Hexagons/Hex14.prefab using Guid(92b694c77a8f5d64eb88d747e08f1905) Importer(815301076,1909f56bfc062723c751e8b465ee728b)  -> (artifact id: 'f126090c7087223a24985eeb763fff07') in 0.064506 seconds 
  Import took 0.072446 seconds .

========================================================================
Received Import Request.
  Time since last request: 0.001008 seconds.
  path: Assets/Low Poly Hexagons/Assets/Prefabs/Hexagons/DigSite.prefab
  artifactKey: Guid(faf4b4ec0cbbb3840a5ba44685c18d99) Importer(815301076,1909f56bfc062723c751e8b465ee728b)
Start importing Assets/Low Poly Hexagons/Assets/Prefabs/Hexagons/DigSite.prefab using Guid(faf4b4ec0cbbb3840a5ba44685c18d99) Importer(815301076,1909f56bfc062723c751e8b465ee728b)  -> (artifact id: 'd6622085e54b1c8f63393b6cea638b7a') in 0.014728 seconds 
  Import took 0.020061 seconds .

========================================================================
Received Import Request.
  Time since last request: 0.000531 seconds.
  path: Assets/Low Poly Hexagons/Assets/Prefabs/Hexagons/Hex3.prefab
  artifactKey: Guid(b4ad4e21329130e4a99ffc8cefe46816) Importer(815301076,1909f56bfc062723c751e8b465ee728b)
Start importing Assets/Low Poly Hexagons/Assets/Prefabs/Hexagons/Hex3.prefab using Guid(b4ad4e21329130e4a99ffc8cefe46816) Importer(815301076,1909f56bfc062723c751e8b465ee728b)  -> (artifact id: '894f7599a501898f4448d31bd4fdc863') in 0.010939 seconds 
  Import took 0.014452 seconds .

========================================================================
Received Import Request.
  Time since last request: 0.000514 seconds.
  path: Assets/Low Poly Hexagons/Assets/Prefabs/Hexagons/Hex4.prefab
  artifactKey: Guid(2ee43f6acf07a194eb588a7dd5bc1c5b) Importer(815301076,1909f56bfc062723c751e8b465ee728b)
Start importing Assets/Low Poly Hexagons/Assets/Prefabs/Hexagons/Hex4.prefab using Guid(2ee43f6acf07a194eb588a7dd5bc1c5b) Importer(815301076,1909f56bfc062723c751e8b465ee728b)  -> (artifact id: '64a0520b1acf80cec65b62ff31f1303a') in 0.009810 seconds 
  Import took 0.013100 seconds .

========================================================================
Received Import Request.
  Time since last request: 0.000365 seconds.
  path: Assets/Low Poly Hexagons/Assets/Prefabs/Hexagons/Hex10.prefab
  artifactKey: Guid(61a4f649633a1f94abeb21559df74bd4) Importer(815301076,1909f56bfc062723c751e8b465ee728b)
Start importing Assets/Low Poly Hexagons/Assets/Prefabs/Hexagons/Hex10.prefab using Guid(61a4f649633a1f94abeb21559df74bd4) Importer(815301076,1909f56bfc062723c751e8b465ee728b)  -> (artifact id: '7f06166814df2063c9e25a57e1bcc38b') in 0.007693 seconds 
  Import took 0.012049 seconds .

========================================================================
Received Import Request.
  Time since last request: 0.000357 seconds.
  path: Assets/Low Poly Hexagons/Assets/Prefabs/Hexagons/Hex6.prefab
  artifactKey: Guid(2e0f1312996d68349933ef1d0445cd09) Importer(815301076,1909f56bfc062723c751e8b465ee728b)
Start importing Assets/Low Poly Hexagons/Assets/Prefabs/Hexagons/Hex6.prefab using Guid(2e0f1312996d68349933ef1d0445cd09) Importer(815301076,1909f56bfc062723c751e8b465ee728b)  -> (artifact id: '29672cdd3710aa446c643b3e3d584a25') in 0.007917 seconds 
  Import took 0.011207 seconds .

========================================================================
Received Import Request.
  Time since last request: 0.000377 seconds.
  path: Assets/Low Poly Hexagons/Assets/Prefabs/Hexagons/Hex2.prefab
  artifactKey: Guid(ba54e0f64ad505c4fa5521c008dc356e) Importer(815301076,1909f56bfc062723c751e8b465ee728b)
Start importing Assets/Low Poly Hexagons/Assets/Prefabs/Hexagons/Hex2.prefab using Guid(ba54e0f64ad505c4fa5521c008dc356e) Importer(815301076,1909f56bfc062723c751e8b465ee728b)  -> (artifact id: '730c42a6174c43142c16dbc01227ade3') in 0.008710 seconds 
  Import took 0.011985 seconds .

========================================================================
Received Import Request.
  Time since last request: 0.000445 seconds.
  path: Assets/Low Poly Hexagons/Assets/Prefabs/Hexagons/Hex1.prefab
  artifactKey: Guid(88d6135510f32df49aeb43b51172cc52) Importer(815301076,1909f56bfc062723c751e8b465ee728b)
Start importing Assets/Low Poly Hexagons/Assets/Prefabs/Hexagons/Hex1.prefab using Guid(88d6135510f32df49aeb43b51172cc52) Importer(815301076,1909f56bfc062723c751e8b465ee728b)  -> (artifact id: '53ab1fb5cc0f19856e083f12fd6fffcc') in 0.009148 seconds 
  Import took 0.012332 seconds .

========================================================================
Received Import Request.
  Time since last request: 0.000440 seconds.
  path: Assets/Low Poly Hexagons/Assets/Prefabs/Hexagons/HellLake.prefab
  artifactKey: Guid(0c9cd282647074244950d07c3846fa0c) Importer(815301076,1909f56bfc062723c751e8b465ee728b)
Start importing Assets/Low Poly Hexagons/Assets/Prefabs/Hexagons/HellLake.prefab using Guid(0c9cd282647074244950d07c3846fa0c) Importer(815301076,1909f56bfc062723c751e8b465ee728b)  -> (artifact id: 'd084caa0e873346dbc438048033adacf') in 0.007694 seconds 
  Import took 0.012793 seconds .

========================================================================
Received Import Request.
  Time since last request: 0.000400 seconds.
  path: Assets/Low Poly Hexagons/Assets/Prefabs/Hexagons/Hex12.prefab
  artifactKey: Guid(e451c469d5daa4e46aac7a3b9de0c3a4) Importer(815301076,1909f56bfc062723c751e8b465ee728b)
Start importing Assets/Low Poly Hexagons/Assets/Prefabs/Hexagons/Hex12.prefab using Guid(e451c469d5daa4e46aac7a3b9de0c3a4) Importer(815301076,1909f56bfc062723c751e8b465ee728b)  -> (artifact id: 'cf60813d960a0ba0cb42f3882bc3184a') in 0.007819 seconds 
  Import took 0.011660 seconds .

========================================================================
Received Prepare
Registering precompiled user dll's ...
Registered in 0.002090 seconds.
Begin MonoManager ReloadAssembly
Native extension for WindowsStandalone target not found
Native extension for WebGL target not found
Refreshing native plugins compatible for Editor in 0.35 ms, found 2 plugins.
Preloading 0 native plugins for Editor in 0.00 ms.
Mono: successfully reloaded assembly
- Completed reload, in  0.947 seconds
Domain Reload Profiling:
	ReloadAssembly (948ms)
		BeginReloadAssembly (103ms)
			ExecutionOrderSort (0ms)
			DisableScriptedObjects (4ms)
			BackupInstance (0ms)
			ReleaseScriptingObjects (0ms)
			CreateAndSetChildDomain (32ms)
		EndReloadAssembly (794ms)
			LoadAssemblies (81ms)
			RebuildTransferFunctionScriptingTraits (0ms)
			SetupTypeCache (262ms)
			ReleaseScriptCaches (1ms)
			RebuildScriptCaches (36ms)
			SetupLoadedEditorAssemblies (327ms)
				LogAssemblyErrors (0ms)
				InitializePlatformSupportModulesInManaged (5ms)
				SetLoadedEditorAssemblies (0ms)
				RefreshPlugins (0ms)
				BeforeProcessingInitializeOnLoad (57ms)
				ProcessInitializeOnLoadAttributes (257ms)
				ProcessInitializeOnLoadMethodAttributes (6ms)
				AfterProcessingInitializeOnLoad (2ms)
				EditorAssembliesLoaded (0ms)
			ExecutionOrderSort2 (0ms)
			AwakeInstancesAfterBackupRestoration (6ms)
Platform modules already initialized, skipping
Refreshing native plugins compatible for Editor in 0.36 ms, found 2 plugins.
Preloading 0 native plugins for Editor in 0.00 ms.
Unloading 1846 Unused Serialized files (Serialized files now loaded: 0)
System memory in use before: 86.3 MB.
System memory in use after: 86.4 MB.

Unloading 12 unused Assets to reduce memory usage. Loaded Objects now: 2306.
Total: 2.967100 ms (FindLiveObjects: 0.147900 ms CreateObjectMapping: 0.056200 ms MarkObjects: 2.749200 ms  DeleteObjects: 0.013100 ms)

AssetImportParameters requested are different than current active one (requested -> active):
  custom:framework-win-MediaFoundation: 216162199b28c13a410421893ffa2e32 -> 
  custom:video-decoder-ogg-theora: a1e56fd34408186e4bbccfd4996cb3dc -> 
  custom:container-muxer-webm: aa71ff27fc2769a1b78a27578f13a17b -> 
  custom:container-demuxer-webm: 4f35f7cbe854078d1ac9338744f61a02 -> 
  custom:container-demuxer-ogg: 62fdf1f143b41e24485cea50d1cbac27 -> 
  custom:video-encoder-webm-vp8: eb34c28f22e8b96e1ab97ce403110664 -> 
  custom:video-decoder-webm-vp8: 9c59270c3fd7afecdb556c50c9e8de78 -> 
  custom:audio-decoder-ogg-vorbis: bf7c407c2cedff20999df2af8eb42d56 -> 
  custom:audio-encoder-webm-vorbis: bf7c407c2cedff20999df2af8eb42d56 -> 
AssetImportWorkerClient::OnTransportError - code=2 error=End of file
