Using pre-set license
Built from '2020.3/staging' branch; Version is '2020.3.18f1 (a7d1c678663c) revision 10998214'; Using compiler version '192528614'; Build Type 'Release'
OS: 'Windows 10 Home; OS build 18363.1316; Version 1909; 64bit' Language: 'en' Physical Memory: 8034 MB
BatchMode: 1, IsHumanControllingUs: 0, StartBugReporterOnCrash: 0, Is64bit: 1, IsPro: 0

COMMAND LINE ARGUMENTS:
D:\2020.3.18f1\Editor\Unity.exe
-adb2
-batchMode
-noUpm
-name
AssetImportWorker3
-projectPath
D:/Unity/Unity_SFRGame_VacationExercise_2022/My project
-logFile
Logs/AssetImportWorker3.log
-srvPort
52606
Successfully changed project path to: D:/Unity/Unity_SFRGame_VacationExercise_2022/My project
D:/Unity/Unity_SFRGame_VacationExercise_2022/My project
Using Asset Import Pipeline V2.
Refreshing native plugins compatible for Editor in 33.98 ms, found 2 plugins.
Preloading 0 native plugins for Editor in 0.00 ms.
Initialize engine version: 2020.3.18f1 (a7d1c678663c)
[Subsystems] Discovering subsystems at path D:/2020.3.18f1/Editor/Data/Resources/UnitySubsystems
[Subsystems] Discovering subsystems at path D:/Unity/Unity_SFRGame_VacationExercise_2022/My project/Assets
GfxDevice: creating device client; threaded=0
Direct3D:
    Version:  Direct3D 11.0 [level 11.1]
    Renderer: NVIDIA GeForce GTX 1050 (ID=0x1c91)
    Vendor:   
    VRAM:     2996 MB
    Driver:   27.21.14.5167
Initialize mono
Mono path[0] = 'D:/2020.3.18f1/Editor/Data/Managed'
Mono path[1] = 'D:/2020.3.18f1/Editor/Data/MonoBleedingEdge/lib/mono/unityjit'
Mono config path = 'D:/2020.3.18f1/Editor/Data/MonoBleedingEdge/etc'
Using monoOptions --debugger-agent=transport=dt_socket,embedding=1,server=y,suspend=n,address=127.0.0.1:56436
Begin MonoManager ReloadAssembly
Registering precompiled unity dll's ...
Register platform support module: D:/2020.3.18f1/Editor/Data/PlaybackEngines/WebGLSupport/UnityEditor.WebGL.Extensions.dll
Register platform support module: D:/2020.3.18f1/Editor/Data/PlaybackEngines/WindowsStandaloneSupport/UnityEditor.WindowsStandalone.Extensions.dll
Registered in 0.001264 seconds.
Native extension for WindowsStandalone target not found
Native extension for WebGL target not found
Refreshing native plugins compatible for Editor in 34.69 ms, found 2 plugins.
Preloading 0 native plugins for Editor in 0.00 ms.
Mono: successfully reloaded assembly
- Completed reload, in  1.539 seconds
Domain Reload Profiling:
	ReloadAssembly (1539ms)
		BeginReloadAssembly (59ms)
			ExecutionOrderSort (0ms)
			DisableScriptedObjects (0ms)
			BackupInstance (0ms)
			ReleaseScriptingObjects (0ms)
			CreateAndSetChildDomain (1ms)
		EndReloadAssembly (396ms)
			LoadAssemblies (59ms)
			RebuildTransferFunctionScriptingTraits (0ms)
			SetupTypeCache (153ms)
			ReleaseScriptCaches (0ms)
			RebuildScriptCaches (31ms)
			SetupLoadedEditorAssemblies (149ms)
				LogAssemblyErrors (0ms)
				InitializePlatformSupportModulesInManaged (5ms)
				SetLoadedEditorAssemblies (1ms)
				RefreshPlugins (35ms)
				BeforeProcessingInitializeOnLoad (15ms)
				ProcessInitializeOnLoadAttributes (69ms)
				ProcessInitializeOnLoadMethodAttributes (24ms)
				AfterProcessingInitializeOnLoad (0ms)
				EditorAssembliesLoaded (0ms)
			ExecutionOrderSort2 (0ms)
			AwakeInstancesAfterBackupRestoration (0ms)
Platform modules already initialized, skipping
Registering precompiled user dll's ...
Registered in 0.002249 seconds.
Begin MonoManager ReloadAssembly
Native extension for WindowsStandalone target not found
Native extension for WebGL target not found
Refreshing native plugins compatible for Editor in 32.04 ms, found 2 plugins.
Preloading 0 native plugins for Editor in 0.00 ms.
Mono: successfully reloaded assembly
- Completed reload, in  4.212 seconds
Domain Reload Profiling:
	ReloadAssembly (4213ms)
		BeginReloadAssembly (167ms)
			ExecutionOrderSort (0ms)
			DisableScriptedObjects (4ms)
			BackupInstance (0ms)
			ReleaseScriptingObjects (0ms)
			CreateAndSetChildDomain (33ms)
		EndReloadAssembly (3996ms)
			LoadAssemblies (2192ms)
			RebuildTransferFunctionScriptingTraits (0ms)
			SetupTypeCache (689ms)
			ReleaseScriptCaches (0ms)
			RebuildScriptCaches (43ms)
			SetupLoadedEditorAssemblies (951ms)
				LogAssemblyErrors (0ms)
				InitializePlatformSupportModulesInManaged (4ms)
				SetLoadedEditorAssemblies (0ms)
				RefreshPlugins (32ms)
				BeforeProcessingInitializeOnLoad (146ms)
				ProcessInitializeOnLoadAttributes (737ms)
				ProcessInitializeOnLoadMethodAttributes (30ms)
				AfterProcessingInitializeOnLoad (2ms)
				EditorAssembliesLoaded (0ms)
			ExecutionOrderSort2 (0ms)
			AwakeInstancesAfterBackupRestoration (6ms)
Platform modules already initialized, skipping
========================================================================
Worker process is ready to serve import requests
Launched and connected shader compiler UnityShaderCompiler.exe after 0.86 seconds
Refreshing native plugins compatible for Editor in 0.45 ms, found 2 plugins.
Preloading 0 native plugins for Editor in 0.00 ms.
Unloading 1856 Unused Serialized files (Serialized files now loaded: 0)
System memory in use before: 83.2 MB.
System memory in use after: 83.3 MB.

Unloading 19 unused Assets to reduce memory usage. Loaded Objects now: 2294.
Total: 50.162200 ms (FindLiveObjects: 0.196600 ms CreateObjectMapping: 0.057400 ms MarkObjects: 49.825200 ms  DeleteObjects: 0.081600 ms)

AssetImportParameters requested are different than current active one (requested -> active):
  custom:framework-win-MediaFoundation: 216162199b28c13a410421893ffa2e32 -> 
  custom:video-decoder-ogg-theora: a1e56fd34408186e4bbccfd4996cb3dc -> 
  custom:container-muxer-webm: aa71ff27fc2769a1b78a27578f13a17b -> 
  custom:container-demuxer-webm: 4f35f7cbe854078d1ac9338744f61a02 -> 
  custom:container-demuxer-ogg: 62fdf1f143b41e24485cea50d1cbac27 -> 
  custom:video-encoder-webm-vp8: eb34c28f22e8b96e1ab97ce403110664 -> 
  custom:video-decoder-webm-vp8: 9c59270c3fd7afecdb556c50c9e8de78 -> 
  custom:audio-decoder-ogg-vorbis: bf7c407c2cedff20999df2af8eb42d56 -> 
  custom:audio-encoder-webm-vorbis: bf7c407c2cedff20999df2af8eb42d56 -> 
========================================================================
Received Import Request.
  path: Assets/模型/fine.fbx
  artifactKey: Guid(cdb462a59004d02498cb4ee78437933c) Importer(815301076,1909f56bfc062723c751e8b465ee728b)
Start importing Assets/模型/fine.fbx using Guid(cdb462a59004d02498cb4ee78437933c) Importer(815301076,1909f56bfc062723c751e8b465ee728b)  -> (artifact id: '3d824fa91f65a236c37b80d9b5389940') in 1.310811 seconds 
  Import took 1.330150 seconds .

========================================================================
Received Import Request.
  Time since last request: 0.000440 seconds.
  path: Assets/模型
  artifactKey: Guid(e364be09fbd4fa348a446eee1bc714f3) Importer(815301076,1909f56bfc062723c751e8b465ee728b)
Start importing Assets/模型 using Guid(e364be09fbd4fa348a446eee1bc714f3) Importer(815301076,1909f56bfc062723c751e8b465ee728b)  -> (artifact id: '8fdbf49791f356492af247cc3f48bd77') in 0.001913 seconds 
  Import took 0.034978 seconds .

========================================================================
Received Import Request.
  Time since last request: 0.000581 seconds.
  path: Assets/Low Poly Hexagons/Assets/Materials/HexagonsShared.mat
  artifactKey: Guid(cf051fba995609b459f0eb4baf4bb478) Importer(815301076,1909f56bfc062723c751e8b465ee728b)
Start importing Assets/Low Poly Hexagons/Assets/Materials/HexagonsShared.mat using Guid(cf051fba995609b459f0eb4baf4bb478) Importer(815301076,1909f56bfc062723c751e8b465ee728b)  -> (artifact id: 'd18f0a095c01d984a861e9ece2a8356e') in 0.207979 seconds 
  Import took 0.251437 seconds .

========================================================================
Received Import Request.
  Time since last request: 245.697467 seconds.
  path: Assets/Low Poly Hexagons/Assets/Models/Hexagons/BeachShore.fbx
  artifactKey: Guid(0164b949b56b05642992be3ce4f5a9c7) Importer(815301076,1909f56bfc062723c751e8b465ee728b)
Start importing Assets/Low Poly Hexagons/Assets/Models/Hexagons/BeachShore.fbx using Guid(0164b949b56b05642992be3ce4f5a9c7) Importer(815301076,1909f56bfc062723c751e8b465ee728b)  -> (artifact id: '9e862ed1e1113d453ae43e8b964a4c20') in 0.049015 seconds 
  Import took 0.081006 seconds .

========================================================================
Received Import Request.
  Time since last request: 0.000461 seconds.
  path: Assets/Low Poly Hexagons/Assets/Models/Hexagons/Hex12.fbx
  artifactKey: Guid(a594cd8ba6e867f4699aa3d16d755581) Importer(815301076,1909f56bfc062723c751e8b465ee728b)
Start importing Assets/Low Poly Hexagons/Assets/Models/Hexagons/Hex12.fbx using Guid(a594cd8ba6e867f4699aa3d16d755581) Importer(815301076,1909f56bfc062723c751e8b465ee728b)  -> (artifact id: '4c7eb19c926dbb5060d3abd2103bafae') in 0.084449 seconds 
  Import took 0.097936 seconds .

========================================================================
Received Import Request.
  Time since last request: 0.000455 seconds.
  path: Assets/Low Poly Hexagons/Assets/Models/Hexagons/Hex29.fbx
  artifactKey: Guid(1fcc1f73108fef449a622d99f23f1abc) Importer(815301076,1909f56bfc062723c751e8b465ee728b)
Start importing Assets/Low Poly Hexagons/Assets/Models/Hexagons/Hex29.fbx using Guid(1fcc1f73108fef449a622d99f23f1abc) Importer(815301076,1909f56bfc062723c751e8b465ee728b)  -> (artifact id: '18d2111b4eeeea11b9db99df74dc4e4d') in 0.037830 seconds 
  Import took 0.045138 seconds .

========================================================================
Received Import Request.
  Time since last request: 0.000428 seconds.
  path: Assets/Low Poly Hexagons/Assets/Models/Hexagons/Hex13.fbx
  artifactKey: Guid(ca9e0f6616063104d839cea15011588f) Importer(815301076,1909f56bfc062723c751e8b465ee728b)
Start importing Assets/Low Poly Hexagons/Assets/Models/Hexagons/Hex13.fbx using Guid(ca9e0f6616063104d839cea15011588f) Importer(815301076,1909f56bfc062723c751e8b465ee728b)  -> (artifact id: 'dd5728182cd26db36abd76774e37319d') in 0.021377 seconds 
  Import took 0.052754 seconds .

========================================================================
Received Import Request.
  Time since last request: 0.000414 seconds.
  path: Assets/Low Poly Hexagons/Assets/Models/Hexagons/DigSite.fbx
  artifactKey: Guid(b066cbce47052904ebb41e4a1dc0b4da) Importer(815301076,1909f56bfc062723c751e8b465ee728b)
Start importing Assets/Low Poly Hexagons/Assets/Models/Hexagons/DigSite.fbx using Guid(b066cbce47052904ebb41e4a1dc0b4da) Importer(815301076,1909f56bfc062723c751e8b465ee728b)  -> (artifact id: '4c5a4952cc33263a4d32de3905d1f03b') in 0.073500 seconds 
  Import took 0.076416 seconds .

========================================================================
Received Import Request.
  Time since last request: 0.000405 seconds.
  path: Assets/Low Poly Hexagons/Assets/Models/Hexagons/Hex9.fbx
  artifactKey: Guid(1341def1465b9ee42ab1a58327fc3676) Importer(815301076,1909f56bfc062723c751e8b465ee728b)
Start importing Assets/Low Poly Hexagons/Assets/Models/Hexagons/Hex9.fbx using Guid(1341def1465b9ee42ab1a58327fc3676) Importer(815301076,1909f56bfc062723c751e8b465ee728b)  -> (artifact id: '5f4252a9748a3aeb34a82eef9505e552') in 0.270848 seconds 
  Import took 0.309773 seconds .

========================================================================
Received Import Request.
  Time since last request: 0.000685 seconds.
  path: Assets/Low Poly Hexagons/Assets/Models/Hexagons/BeachShore.fbx
  artifactKey: Guid(0164b949b56b05642992be3ce4f5a9c7) Importer(815301076,1909f56bfc062723c751e8b465ee728b)
Start importing Assets/Low Poly Hexagons/Assets/Models/Hexagons/BeachShore.fbx using Guid(0164b949b56b05642992be3ce4f5a9c7) Importer(815301076,1909f56bfc062723c751e8b465ee728b)  -> (artifact id: '9e862ed1e1113d453ae43e8b964a4c20') in 0.170258 seconds 
  Import took 0.173252 seconds .

========================================================================
Received Import Request.
  Time since last request: 0.000427 seconds.
  path: Assets/Low Poly Hexagons/Assets/Models/Hexagons/Hex22.fbx
  artifactKey: Guid(66a66b512f78d3d4f81ed74fd8e3963a) Importer(815301076,1909f56bfc062723c751e8b465ee728b)
Start importing Assets/Low Poly Hexagons/Assets/Models/Hexagons/Hex22.fbx using Guid(66a66b512f78d3d4f81ed74fd8e3963a) Importer(815301076,1909f56bfc062723c751e8b465ee728b)  -> (artifact id: 'b414be205eed647ae18aeaf2732647ab') in 0.120851 seconds 
  Import took 0.154926 seconds .

========================================================================
Received Import Request.
  Time since last request: 0.000575 seconds.
  path: Assets/Low Poly Hexagons/Assets/Models/Hexagons/Hex28.fbx
  artifactKey: Guid(afea607c0ddd7564e84d074e1879e2b5) Importer(815301076,1909f56bfc062723c751e8b465ee728b)
Start importing Assets/Low Poly Hexagons/Assets/Models/Hexagons/Hex28.fbx using Guid(afea607c0ddd7564e84d074e1879e2b5) Importer(815301076,1909f56bfc062723c751e8b465ee728b)  -> (artifact id: '30b5a8f7bd1541794dc61b42e8ef2b64') in 0.130103 seconds 
  Import took 0.262086 seconds .

========================================================================
Received Import Request.
  Time since last request: 0.000417 seconds.
  path: Assets/Low Poly Hexagons/Assets/Models/Hexagons/Hex2.fbx
  artifactKey: Guid(7b4cb68aa4866e24b840b01b3cb8e69f) Importer(815301076,1909f56bfc062723c751e8b465ee728b)
Start importing Assets/Low Poly Hexagons/Assets/Models/Hexagons/Hex2.fbx using Guid(7b4cb68aa4866e24b840b01b3cb8e69f) Importer(815301076,1909f56bfc062723c751e8b465ee728b)  -> (artifact id: 'af0d49d00e27de7c7c1a716e09be7f23') in 0.078216 seconds 
  Import took 0.155660 seconds .

========================================================================
Received Import Request.
  Time since last request: 0.000463 seconds.
  path: Assets/Low Poly Hexagons/Assets/Models/Hexagons/Hex4.fbx
  artifactKey: Guid(91a2aeb1386bff241ab23bb98d4f9bba) Importer(815301076,1909f56bfc062723c751e8b465ee728b)
Start importing Assets/Low Poly Hexagons/Assets/Models/Hexagons/Hex4.fbx using Guid(91a2aeb1386bff241ab23bb98d4f9bba) Importer(815301076,1909f56bfc062723c751e8b465ee728b)  -> (artifact id: 'c4927a102af6c17ebb9a63af4ba66cb0') in 0.068242 seconds 
  Import took 0.084687 seconds .

========================================================================
Received Import Request.
  Time since last request: 0.001287 seconds.
  path: Assets/Low Poly Hexagons/Assets/Models/Hexagons/Hex18.fbx
  artifactKey: Guid(71cd1ad80b827b441897f13882a924f9) Importer(815301076,1909f56bfc062723c751e8b465ee728b)
Start importing Assets/Low Poly Hexagons/Assets/Models/Hexagons/Hex18.fbx using Guid(71cd1ad80b827b441897f13882a924f9) Importer(815301076,1909f56bfc062723c751e8b465ee728b)  -> (artifact id: '7719c4a0eed64625d24c9329975edc53') in 0.066105 seconds 
  Import took 0.123123 seconds .

========================================================================
Received Import Request.
  Time since last request: 0.001321 seconds.
  path: Assets/Low Poly Hexagons/Assets/Models/Hexagons/Hex26.fbx
  artifactKey: Guid(7590e19e847d1b4498786bd7e5045b7b) Importer(815301076,1909f56bfc062723c751e8b465ee728b)
Start importing Assets/Low Poly Hexagons/Assets/Models/Hexagons/Hex26.fbx using Guid(7590e19e847d1b4498786bd7e5045b7b) Importer(815301076,1909f56bfc062723c751e8b465ee728b)  -> (artifact id: '5089efcda3b25faba36ddf0b3ea751e6') in 0.081473 seconds 
  Import took 0.206759 seconds .

========================================================================
Received Import Request.
  Time since last request: 0.000880 seconds.
  path: Assets/Low Poly Hexagons/Assets/Models/Hexagons/Hex32.fbx
  artifactKey: Guid(95f164187b159cb4ab72ef930698a4d6) Importer(815301076,1909f56bfc062723c751e8b465ee728b)
Start importing Assets/Low Poly Hexagons/Assets/Models/Hexagons/Hex32.fbx using Guid(95f164187b159cb4ab72ef930698a4d6) Importer(815301076,1909f56bfc062723c751e8b465ee728b)  -> (artifact id: 'b19d140cd2e003f6690183879fc37d0d') in 0.026551 seconds 
  Import took 0.039749 seconds .

========================================================================
Received Import Request.
  Time since last request: 0.000467 seconds.
  path: Assets/Low Poly Hexagons/Assets/Models/Hexagons/Hex5.fbx
  artifactKey: Guid(4a24775f9001dee459bd8d96cd04b4f3) Importer(815301076,1909f56bfc062723c751e8b465ee728b)
Start importing Assets/Low Poly Hexagons/Assets/Models/Hexagons/Hex5.fbx using Guid(4a24775f9001dee459bd8d96cd04b4f3) Importer(815301076,1909f56bfc062723c751e8b465ee728b)  -> (artifact id: '44c473ebca69bdf03e9e4ff43138bc9b') in 0.061836 seconds 
  Import took 0.065586 seconds .

========================================================================
Received Import Request.
  Time since last request: 0.000501 seconds.
  path: Assets/Low Poly Hexagons/Assets/Models/Hexagons/Hex20.fbx
  artifactKey: Guid(e78e9e9e77f1fd34b932bf555a8735a7) Importer(815301076,1909f56bfc062723c751e8b465ee728b)
Start importing Assets/Low Poly Hexagons/Assets/Models/Hexagons/Hex20.fbx using Guid(e78e9e9e77f1fd34b932bf555a8735a7) Importer(815301076,1909f56bfc062723c751e8b465ee728b)  -> (artifact id: '7ec41c74380525170440178776693ae2') in 0.054830 seconds 
  Import took 0.064117 seconds .

========================================================================
Received Import Request.
  Time since last request: 0.001038 seconds.
  path: Assets/Low Poly Hexagons/Assets/Models/Hexagons/Hex6.fbx
  artifactKey: Guid(3809834aaf39bdb45aa59310501239af) Importer(815301076,1909f56bfc062723c751e8b465ee728b)
Start importing Assets/Low Poly Hexagons/Assets/Models/Hexagons/Hex6.fbx using Guid(3809834aaf39bdb45aa59310501239af) Importer(815301076,1909f56bfc062723c751e8b465ee728b)  -> (artifact id: '9f27ad596b64ff9f0679842cc242a95c') in 0.404740 seconds 
  Import took 0.408996 seconds .

========================================================================
Received Import Request.
  Time since last request: 0.000415 seconds.
  path: Assets/Low Poly Hexagons/Assets/Models/Hexagons/Hex27.fbx
  artifactKey: Guid(f18add7e66c6e53428c87798c50cf2ae) Importer(815301076,1909f56bfc062723c751e8b465ee728b)
Start importing Assets/Low Poly Hexagons/Assets/Models/Hexagons/Hex27.fbx using Guid(f18add7e66c6e53428c87798c50cf2ae) Importer(815301076,1909f56bfc062723c751e8b465ee728b)  -> (artifact id: 'dbebb4b3a88aae6f4efc60b68887b318') in 0.255656 seconds 
  Import took 0.258360 seconds .

========================================================================
Received Import Request.
  Time since last request: 0.000447 seconds.
  path: Assets/Low Poly Hexagons/Assets/Models/Hexagons/Hex7.fbx
  artifactKey: Guid(684e6ab60cee3124aac8540619e13d9d) Importer(815301076,1909f56bfc062723c751e8b465ee728b)
Start importing Assets/Low Poly Hexagons/Assets/Models/Hexagons/Hex7.fbx using Guid(684e6ab60cee3124aac8540619e13d9d) Importer(815301076,1909f56bfc062723c751e8b465ee728b)  -> (artifact id: 'ae5796048baf05d1d00643203c534fdb') in 0.238341 seconds 
  Import took 0.252896 seconds .

========================================================================
Received Import Request.
  Time since last request: 0.000514 seconds.
  path: Assets/Low Poly Hexagons/Assets/Models/Hexagons/Hex1.fbx
  artifactKey: Guid(ac4a5a9e24f3efa44b8f02171e9eefda) Importer(815301076,1909f56bfc062723c751e8b465ee728b)
Start importing Assets/Low Poly Hexagons/Assets/Models/Hexagons/Hex1.fbx using Guid(ac4a5a9e24f3efa44b8f02171e9eefda) Importer(815301076,1909f56bfc062723c751e8b465ee728b)  -> (artifact id: '39414779bd8fa74e208aaff8f0723e89') in 0.179986 seconds 
  Import took 0.196977 seconds .

========================================================================
Received Import Request.
  Time since last request: 0.001150 seconds.
  path: Assets/Low Poly Hexagons/Assets/Models/Hexagons/Hex10.fbx
  artifactKey: Guid(a415174bfd1c4214c8fa8a3dd313aba6) Importer(815301076,1909f56bfc062723c751e8b465ee728b)
Start importing Assets/Low Poly Hexagons/Assets/Models/Hexagons/Hex10.fbx using Guid(a415174bfd1c4214c8fa8a3dd313aba6) Importer(815301076,1909f56bfc062723c751e8b465ee728b)  -> (artifact id: 'cd0244e41c54fa755ae05e394f0af05b') in 0.149283 seconds 
  Import took 0.751234 seconds .

========================================================================
Received Import Request.
  Time since last request: 0.000613 seconds.
  path: Assets/Low Poly Hexagons/Assets/Models/Hexagons/Hex16.fbx
  artifactKey: Guid(5f4e29955b19f8e479537386c62931c9) Importer(815301076,1909f56bfc062723c751e8b465ee728b)
Start importing Assets/Low Poly Hexagons/Assets/Models/Hexagons/Hex16.fbx using Guid(5f4e29955b19f8e479537386c62931c9) Importer(815301076,1909f56bfc062723c751e8b465ee728b)  -> (artifact id: '45495808f276e8eee79982a6c02cd0de') in 0.262082 seconds 
  Import took 0.306225 seconds .

========================================================================
Received Import Request.
  Time since last request: 0.001347 seconds.
  path: Assets/Low Poly Hexagons/Assets/Models/Hexagons/Hex17.fbx
  artifactKey: Guid(150942d75cdef8e41a71887d3400b4ac) Importer(815301076,1909f56bfc062723c751e8b465ee728b)
Start importing Assets/Low Poly Hexagons/Assets/Models/Hexagons/Hex17.fbx using Guid(150942d75cdef8e41a71887d3400b4ac) Importer(815301076,1909f56bfc062723c751e8b465ee728b)  -> (artifact id: '8e5796b037b6fad5f679ee43e0a194ab') in 0.055890 seconds 
  Import took 0.266313 seconds .

========================================================================
Received Import Request.
  Time since last request: 0.000581 seconds.
  path: Assets/Low Poly Hexagons/Assets/Models/Hexagons/HellLake.fbx
  artifactKey: Guid(038e543775141b64bb28e77bb24c9c1c) Importer(815301076,1909f56bfc062723c751e8b465ee728b)
Start importing Assets/Low Poly Hexagons/Assets/Models/Hexagons/HellLake.fbx using Guid(038e543775141b64bb28e77bb24c9c1c) Importer(815301076,1909f56bfc062723c751e8b465ee728b)  -> (artifact id: 'ab22befaf3eb4087edd66442f6d607b3') in 0.133722 seconds 
  Import took 0.274011 seconds .

========================================================================
Received Import Request.
  Time since last request: 0.000420 seconds.
  path: Assets/Low Poly Hexagons/Assets/Models/Hexagons/Hex15.fbx
  artifactKey: Guid(55d09edfc2148db468cee0245d195258) Importer(815301076,1909f56bfc062723c751e8b465ee728b)
Start importing Assets/Low Poly Hexagons/Assets/Models/Hexagons/Hex15.fbx using Guid(55d09edfc2148db468cee0245d195258) Importer(815301076,1909f56bfc062723c751e8b465ee728b)  -> (artifact id: '0cd5bb53772d27cebd36230b41216919') in 0.074571 seconds 
  Import took 0.086947 seconds .

========================================================================
Received Import Request.
  Time since last request: 0.000445 seconds.
  path: Assets/Low Poly Hexagons/Assets/Models/Hexagons/Hex21.fbx
  artifactKey: Guid(396774c0224816440b63acd8e0b85d94) Importer(815301076,1909f56bfc062723c751e8b465ee728b)
Start importing Assets/Low Poly Hexagons/Assets/Models/Hexagons/Hex21.fbx using Guid(396774c0224816440b63acd8e0b85d94) Importer(815301076,1909f56bfc062723c751e8b465ee728b)  -> (artifact id: '058b8aa58c691030630249038843e97b') in 0.262685 seconds 
  Import took 0.313275 seconds .

========================================================================
Received Import Request.
  Time since last request: 0.000422 seconds.
  path: Assets/Low Poly Hexagons/Assets/Models/Hexagons/Hex25.fbx
  artifactKey: Guid(d3d9160fa9fac894da21c01c11514990) Importer(815301076,1909f56bfc062723c751e8b465ee728b)
Start importing Assets/Low Poly Hexagons/Assets/Models/Hexagons/Hex25.fbx using Guid(d3d9160fa9fac894da21c01c11514990) Importer(815301076,1909f56bfc062723c751e8b465ee728b)  -> (artifact id: '3b8de307f362ee4b388c6e65326fb892') in 0.174280 seconds 
  Import took 0.346253 seconds .

========================================================================
Received Import Request.
  Time since last request: 0.000399 seconds.
  path: Assets/Low Poly Hexagons/Assets/Models/Hexagons/Hex3.fbx
  artifactKey: Guid(32bf8e89e0e369540a99872076a7ead9) Importer(815301076,1909f56bfc062723c751e8b465ee728b)
Start importing Assets/Low Poly Hexagons/Assets/Models/Hexagons/Hex3.fbx using Guid(32bf8e89e0e369540a99872076a7ead9) Importer(815301076,1909f56bfc062723c751e8b465ee728b)  -> (artifact id: '83c68c9abd1d9327c3b4389259bd7d8c') in 0.049844 seconds 
  Import took 0.097274 seconds .

========================================================================
Received Import Request.
  Time since last request: 0.000642 seconds.
  path: Assets/Low Poly Hexagons/Assets/Models/Hexagons/Hex23.fbx
  artifactKey: Guid(09800fb7ecd7dfa499d1a9b3e9414605) Importer(815301076,1909f56bfc062723c751e8b465ee728b)
Start importing Assets/Low Poly Hexagons/Assets/Models/Hexagons/Hex23.fbx using Guid(09800fb7ecd7dfa499d1a9b3e9414605) Importer(815301076,1909f56bfc062723c751e8b465ee728b)  -> (artifact id: 'fa2ba7f668838a2d65e347d88e252401') in 0.030630 seconds 
  Import took 0.038754 seconds .

========================================================================
Received Import Request.
  Time since last request: 0.000356 seconds.
  path: Assets/Low Poly Hexagons/Assets/Models/Hexagons/Hex8.fbx
  artifactKey: Guid(9191f7b022d593c41ac7300bac249d06) Importer(815301076,1909f56bfc062723c751e8b465ee728b)
Start importing Assets/Low Poly Hexagons/Assets/Models/Hexagons/Hex8.fbx using Guid(9191f7b022d593c41ac7300bac249d06) Importer(815301076,1909f56bfc062723c751e8b465ee728b)  -> (artifact id: 'd4ab191d241330b3dbc72a5535b71fb4') in 0.127553 seconds 
  Import took 0.179004 seconds .

========================================================================
Received Import Request.
  Time since last request: 0.000369 seconds.
  path: Assets/Low Poly Hexagons/Assets/Models/Hexagons/Hex14.fbx
  artifactKey: Guid(af5b57b852ef0394780de2f3f4b82968) Importer(815301076,1909f56bfc062723c751e8b465ee728b)
Start importing Assets/Low Poly Hexagons/Assets/Models/Hexagons/Hex14.fbx using Guid(af5b57b852ef0394780de2f3f4b82968) Importer(815301076,1909f56bfc062723c751e8b465ee728b)  -> (artifact id: 'f9a6291eb1ce4b9bfd958fb7f77a9b10') in 0.104501 seconds 
  Import took 0.198545 seconds .

========================================================================
Received Import Request.
  Time since last request: 0.000531 seconds.
  path: Assets/Low Poly Hexagons/Assets/Models/Hexagons/Hex31.fbx
  artifactKey: Guid(66c95755fe17bd7479da5154e7a6f309) Importer(815301076,1909f56bfc062723c751e8b465ee728b)
Start importing Assets/Low Poly Hexagons/Assets/Models/Hexagons/Hex31.fbx using Guid(66c95755fe17bd7479da5154e7a6f309) Importer(815301076,1909f56bfc062723c751e8b465ee728b)  -> (artifact id: '662ad45c203638d83a6a7b579ea99ce3') in 0.168523 seconds 
  Import took 0.298754 seconds .

========================================================================
Received Import Request.
  Time since last request: 0.001004 seconds.
  path: Assets/Low Poly Hexagons/Assets/Models/Hexagons/Hex30.fbx
  artifactKey: Guid(dfbb1424bca38a94aa3a24e45b00f2e2) Importer(815301076,1909f56bfc062723c751e8b465ee728b)
Start importing Assets/Low Poly Hexagons/Assets/Models/Hexagons/Hex30.fbx using Guid(dfbb1424bca38a94aa3a24e45b00f2e2) Importer(815301076,1909f56bfc062723c751e8b465ee728b)  -> (artifact id: '2876e8f54930ebc2ebc40c03d768e393') in 0.264523 seconds 
  Import took 0.479308 seconds .

========================================================================
Received Import Request.
  Time since last request: 0.000410 seconds.
  path: Assets/Low Poly Hexagons/Assets/Models/Hexagons/Lake.fbx
  artifactKey: Guid(1a6dcb961b8ee2a4eb42b0b33c1f8769) Importer(815301076,1909f56bfc062723c751e8b465ee728b)
Start importing Assets/Low Poly Hexagons/Assets/Models/Hexagons/Lake.fbx using Guid(1a6dcb961b8ee2a4eb42b0b33c1f8769) Importer(815301076,1909f56bfc062723c751e8b465ee728b)  -> (artifact id: '782ed28c1586e997834d51d39a5ff7fd') in 0.195058 seconds 
  Import took 0.296968 seconds .

========================================================================
Received Import Request.
  Time since last request: 0.000374 seconds.
  path: Assets/Low Poly Hexagons/Assets/Models/Hexagons/Hex11.fbx
  artifactKey: Guid(ec55075d188c17f409c030e2fa6d4ebf) Importer(815301076,1909f56bfc062723c751e8b465ee728b)
Start importing Assets/Low Poly Hexagons/Assets/Models/Hexagons/Hex11.fbx using Guid(ec55075d188c17f409c030e2fa6d4ebf) Importer(815301076,1909f56bfc062723c751e8b465ee728b)  -> (artifact id: '726953a0fc7efba9365131c93cfe50ed') in 0.072761 seconds 
  Import took 0.126671 seconds .

========================================================================
Received Import Request.
  Time since last request: 0.000345 seconds.
  path: Assets/Low Poly Hexagons/Assets/Models/Hexagons/Hex19.fbx
  artifactKey: Guid(31048d640905d5a448a723dd7007433e) Importer(815301076,1909f56bfc062723c751e8b465ee728b)
Start importing Assets/Low Poly Hexagons/Assets/Models/Hexagons/Hex19.fbx using Guid(31048d640905d5a448a723dd7007433e) Importer(815301076,1909f56bfc062723c751e8b465ee728b)  -> (artifact id: '022dd2184bbbf97f24c771bcda034f15') in 0.083212 seconds 
  Import took 0.161440 seconds .

========================================================================
Received Import Request.
  Time since last request: 0.000400 seconds.
  path: Assets/Low Poly Hexagons/Assets/Models/Hexagons/Hex24.fbx
  artifactKey: Guid(f2359381d1133ff48b72d11a9238f283) Importer(815301076,1909f56bfc062723c751e8b465ee728b)
Start importing Assets/Low Poly Hexagons/Assets/Models/Hexagons/Hex24.fbx using Guid(f2359381d1133ff48b72d11a9238f283) Importer(815301076,1909f56bfc062723c751e8b465ee728b)  -> (artifact id: '01437a7565f394c3b02756dd17e12474') in 0.171365 seconds 
  Import took 0.173913 seconds .

========================================================================
Received Prepare
Registering precompiled user dll's ...
Registered in 0.002174 seconds.
Begin MonoManager ReloadAssembly
Native extension for WindowsStandalone target not found
Native extension for WebGL target not found
Refreshing native plugins compatible for Editor in 0.36 ms, found 2 plugins.
Preloading 0 native plugins for Editor in 0.00 ms.
Mono: successfully reloaded assembly
- Completed reload, in  1.155 seconds
Domain Reload Profiling:
	ReloadAssembly (1155ms)
		BeginReloadAssembly (125ms)
			ExecutionOrderSort (0ms)
			DisableScriptedObjects (4ms)
			BackupInstance (0ms)
			ReleaseScriptingObjects (0ms)
			CreateAndSetChildDomain (41ms)
		EndReloadAssembly (974ms)
			LoadAssemblies (95ms)
			RebuildTransferFunctionScriptingTraits (0ms)
			SetupTypeCache (285ms)
			ReleaseScriptCaches (1ms)
			RebuildScriptCaches (45ms)
			SetupLoadedEditorAssemblies (456ms)
				LogAssemblyErrors (0ms)
				InitializePlatformSupportModulesInManaged (5ms)
				SetLoadedEditorAssemblies (0ms)
				RefreshPlugins (0ms)
				BeforeProcessingInitializeOnLoad (60ms)
				ProcessInitializeOnLoadAttributes (383ms)
				ProcessInitializeOnLoadMethodAttributes (6ms)
				AfterProcessingInitializeOnLoad (2ms)
				EditorAssembliesLoaded (0ms)
			ExecutionOrderSort2 (0ms)
			AwakeInstancesAfterBackupRestoration (6ms)
Platform modules already initialized, skipping
Refreshing native plugins compatible for Editor in 0.42 ms, found 2 plugins.
Preloading 0 native plugins for Editor in 0.00 ms.
Unloading 1846 Unused Serialized files (Serialized files now loaded: 0)
System memory in use before: 86.7 MB.
System memory in use after: 86.8 MB.

Unloading 12 unused Assets to reduce memory usage. Loaded Objects now: 2339.
Total: 2.649700 ms (FindLiveObjects: 0.155800 ms CreateObjectMapping: 0.053400 ms MarkObjects: 2.424800 ms  DeleteObjects: 0.015000 ms)

AssetImportParameters requested are different than current active one (requested -> active):
  custom:framework-win-MediaFoundation: 216162199b28c13a410421893ffa2e32 -> 
  custom:video-decoder-ogg-theora: a1e56fd34408186e4bbccfd4996cb3dc -> 
  custom:container-muxer-webm: aa71ff27fc2769a1b78a27578f13a17b -> 
  custom:container-demuxer-webm: 4f35f7cbe854078d1ac9338744f61a02 -> 
  custom:container-demuxer-ogg: 62fdf1f143b41e24485cea50d1cbac27 -> 
  custom:video-encoder-webm-vp8: eb34c28f22e8b96e1ab97ce403110664 -> 
  custom:video-decoder-webm-vp8: 9c59270c3fd7afecdb556c50c9e8de78 -> 
  custom:audio-decoder-ogg-vorbis: bf7c407c2cedff20999df2af8eb42d56 -> 
  custom:audio-encoder-webm-vorbis: bf7c407c2cedff20999df2af8eb42d56 -> 
========================================================================
Received Import Request.
  Time since last request: 333.557329 seconds.
  path: Assets/Low Poly Hexagons/Assets/Models/Objects/Mountain.fbx
  artifactKey: Guid(86e82c81de2a4a74da13c3984957a116) Importer(815301076,1909f56bfc062723c751e8b465ee728b)
Start importing Assets/Low Poly Hexagons/Assets/Models/Objects/Mountain.fbx using Guid(86e82c81de2a4a74da13c3984957a116) Importer(815301076,1909f56bfc062723c751e8b465ee728b)  -> (artifact id: '1a760a5d0847199a6f8a9ade155ff121') in 0.114316 seconds 
  Import took 0.134321 seconds .

========================================================================
Received Import Request.
  Time since last request: 0.000378 seconds.
  path: Assets/Low Poly Hexagons/Assets/Models/Objects/PalmTrees.fbx
  artifactKey: Guid(fa4b2ff13c344434b8094e8784f48439) Importer(815301076,1909f56bfc062723c751e8b465ee728b)
Start importing Assets/Low Poly Hexagons/Assets/Models/Objects/PalmTrees.fbx using Guid(fa4b2ff13c344434b8094e8784f48439) Importer(815301076,1909f56bfc062723c751e8b465ee728b)  -> (artifact id: '0346a461561689ae1b63d5932ee631f4') in 0.049475 seconds 
  Import took 0.070393 seconds .

========================================================================
Received Import Request.
  Time since last request: 0.000373 seconds.
  path: Assets/Low Poly Hexagons/Assets/Models/Objects/RoadCorner.fbx
  artifactKey: Guid(c3d26f07af1522f49b927edb00ec941a) Importer(815301076,1909f56bfc062723c751e8b465ee728b)
Start importing Assets/Low Poly Hexagons/Assets/Models/Objects/RoadCorner.fbx using Guid(c3d26f07af1522f49b927edb00ec941a) Importer(815301076,1909f56bfc062723c751e8b465ee728b)  -> (artifact id: 'ecf89fa5ecc36660ef7a9a77c0baf758') in 0.046988 seconds 
  Import took 0.070478 seconds .

========================================================================
Received Import Request.
  Time since last request: 0.000519 seconds.
  path: Assets/StarterAssets/Environment/Art/Models/Ramp_Mesh.fbx
  artifactKey: Guid(426a2785f8a940049aac2c246661cf09) Importer(815301076,1909f56bfc062723c751e8b465ee728b)
Start importing Assets/StarterAssets/Environment/Art/Models/Ramp_Mesh.fbx using Guid(426a2785f8a940049aac2c246661cf09) Importer(815301076,1909f56bfc062723c751e8b465ee728b)  -> (artifact id: 'eef365d590a39d63f4ea7ebc0141d890') in 0.243162 seconds 
  Import took 0.280344 seconds .

========================================================================
Received Import Request.
  Time since last request: 0.000362 seconds.
  path: Assets/Low Poly Hexagons/Assets/Models/Objects/RoadEnd.fbx
  artifactKey: Guid(e80f0d7a06f0d2e4681e3650923cc24f) Importer(815301076,1909f56bfc062723c751e8b465ee728b)
Start importing Assets/Low Poly Hexagons/Assets/Models/Objects/RoadEnd.fbx using Guid(e80f0d7a06f0d2e4681e3650923cc24f) Importer(815301076,1909f56bfc062723c751e8b465ee728b)  -> (artifact id: 'f21bb5b189bf2504ae3fc4ec26262b6d') in 0.036929 seconds 
  Import took 0.066628 seconds .

========================================================================
Received Import Request.
  Time since last request: 0.000373 seconds.
  path: Assets/StarterAssets/Environment/Art/Models/Ramp_100x100x200_Mesh.fbx
  artifactKey: Guid(bfff06aaff363a847ad37bf592364e6b) Importer(815301076,1909f56bfc062723c751e8b465ee728b)
Start importing Assets/StarterAssets/Environment/Art/Models/Ramp_100x100x200_Mesh.fbx using Guid(bfff06aaff363a847ad37bf592364e6b) Importer(815301076,1909f56bfc062723c751e8b465ee728b)  -> (artifact id: '8b098de8ee2a06e28e10bf2e6945cab1') in 0.039805 seconds 
  Import took 0.060566 seconds .

========================================================================
Received Import Request.
  Time since last request: 0.000492 seconds.
  path: Assets/Low Poly Hexagons/Assets/Models/Objects/Pyramids.fbx
  artifactKey: Guid(3fd8a9196474680459c3f3e86e4a1ca0) Importer(815301076,1909f56bfc062723c751e8b465ee728b)
Start importing Assets/Low Poly Hexagons/Assets/Models/Objects/Pyramids.fbx using Guid(3fd8a9196474680459c3f3e86e4a1ca0) Importer(815301076,1909f56bfc062723c751e8b465ee728b)  -> (artifact id: '1f4eb1c3f2fd4a068194a58ebcea4c6f') in 0.019077 seconds 
  Import took 0.035309 seconds .

========================================================================
Received Import Request.
  Time since last request: 0.000396 seconds.
  path: Assets/Low Poly Hexagons/Assets/Models/Objects/Mountain.fbx
  artifactKey: Guid(86e82c81de2a4a74da13c3984957a116) Importer(815301076,1909f56bfc062723c751e8b465ee728b)
Start importing Assets/Low Poly Hexagons/Assets/Models/Objects/Mountain.fbx using Guid(86e82c81de2a4a74da13c3984957a116) Importer(815301076,1909f56bfc062723c751e8b465ee728b)  -> (artifact id: '1a760a5d0847199a6f8a9ade155ff121') in 0.011371 seconds 
  Import took 0.015617 seconds .

========================================================================
Received Import Request.
  Time since last request: 1.768748 seconds.
  path: Assets/Low Poly Hexagons/Assets/Models/Objects/RoadRoundabout.fbx
  artifactKey: Guid(9506a8b63914f464d8847b4808103f22) Importer(815301076,1909f56bfc062723c751e8b465ee728b)
Start importing Assets/Low Poly Hexagons/Assets/Models/Objects/RoadRoundabout.fbx using Guid(9506a8b63914f464d8847b4808103f22) Importer(815301076,1909f56bfc062723c751e8b465ee728b)  -> (artifact id: 'f8bffeef76924e41a11da3faa20a9d2e') in 0.035241 seconds 
  Import took 0.038452 seconds .

========================================================================
Received Import Request.
  Time since last request: 0.000337 seconds.
  path: Assets/Low Poly Hexagons/Assets/Models/Objects/RockyEdge.fbx
  artifactKey: Guid(f2d0288fa3d281746a6f4494b54431ae) Importer(815301076,1909f56bfc062723c751e8b465ee728b)
Start importing Assets/Low Poly Hexagons/Assets/Models/Objects/RockyEdge.fbx using Guid(f2d0288fa3d281746a6f4494b54431ae) Importer(815301076,1909f56bfc062723c751e8b465ee728b)  -> (artifact id: '63808c3681c9b5c27799fa57c0fd70b0') in 0.221438 seconds 
  Import took 0.286100 seconds .

========================================================================
Received Import Request.
  Time since last request: 0.000312 seconds.
  path: Assets/Low Poly Hexagons/Assets/Models/Objects/RocksInWater.fbx
  artifactKey: Guid(8864a906f2c5a814c8329c41f396b148) Importer(815301076,1909f56bfc062723c751e8b465ee728b)
Start importing Assets/Low Poly Hexagons/Assets/Models/Objects/RocksInWater.fbx using Guid(8864a906f2c5a814c8329c41f396b148) Importer(815301076,1909f56bfc062723c751e8b465ee728b)  -> (artifact id: '3b230b4c2bac6431209fa98adf73b72e') in 0.054498 seconds 
  Import took 0.057334 seconds .

========================================================================
Received Import Request.
  Time since last request: 0.000437 seconds.
  path: Assets/Low Poly Hexagons/Assets/Models/Objects/RoadStraight.fbx
  artifactKey: Guid(389d5010c2746414c8d7802f26578667) Importer(815301076,1909f56bfc062723c751e8b465ee728b)
Start importing Assets/Low Poly Hexagons/Assets/Models/Objects/RoadStraight.fbx using Guid(389d5010c2746414c8d7802f26578667) Importer(815301076,1909f56bfc062723c751e8b465ee728b)  -> (artifact id: 'd08f8b5a38c0726f2a70a7c719eb8ea8') in 0.020360 seconds 
  Import took 0.394583 seconds .

========================================================================
Received Import Request.
  Time since last request: 0.002609 seconds.
  path: Assets/Low Poly Hexagons/Assets/Models/Objects/RoadStraight.fbx
  artifactKey: Guid(389d5010c2746414c8d7802f26578667) Importer(815301076,1909f56bfc062723c751e8b465ee728b)
Start importing Assets/Low Poly Hexagons/Assets/Models/Objects/RoadStraight.fbx using Guid(389d5010c2746414c8d7802f26578667) Importer(815301076,1909f56bfc062723c751e8b465ee728b)  -> (artifact id: 'd08f8b5a38c0726f2a70a7c719eb8ea8') in 0.018087 seconds 
  Import took 0.022270 seconds .

========================================================================
Received Import Request.
  Time since last request: 0.000621 seconds.
  path: Assets/Low Poly Hexagons/Assets/Models/Objects/SelectionRed.fbx
  artifactKey: Guid(3473d0131f929c8498dd62c83ef0056e) Importer(815301076,1909f56bfc062723c751e8b465ee728b)
Start importing Assets/Low Poly Hexagons/Assets/Models/Objects/SelectionRed.fbx using Guid(3473d0131f929c8498dd62c83ef0056e) Importer(815301076,1909f56bfc062723c751e8b465ee728b)  -> (artifact id: 'a02779f40cdeebb1b6995f33460793fc') in 0.217473 seconds 
  Import took 0.240017 seconds .

========================================================================
Received Import Request.
  Time since last request: 0.000427 seconds.
  path: Assets/Low Poly Hexagons/Assets/Models/Objects/SelectionWhite.fbx
  artifactKey: Guid(71982be591066184d958695cbf3d4875) Importer(815301076,1909f56bfc062723c751e8b465ee728b)
Start importing Assets/Low Poly Hexagons/Assets/Models/Objects/SelectionWhite.fbx using Guid(71982be591066184d958695cbf3d4875) Importer(815301076,1909f56bfc062723c751e8b465ee728b)  -> (artifact id: '3ed1c64c8c9c298ddad18fcb891d652e') in 0.075018 seconds 
  Import took 0.110173 seconds .

========================================================================
Received Import Request.
  Time since last request: 0.287728 seconds.
  path: Assets/Low Poly Hexagons/Assets/Models/Objects/SelectionYellow.fbx
  artifactKey: Guid(38b4a46b3af9ffd4894a9ceaad98ab07) Importer(815301076,1909f56bfc062723c751e8b465ee728b)
Start importing Assets/Low Poly Hexagons/Assets/Models/Objects/SelectionYellow.fbx using Guid(38b4a46b3af9ffd4894a9ceaad98ab07) Importer(815301076,1909f56bfc062723c751e8b465ee728b)  -> (artifact id: '0a75bf4de31c4bdbabbada8c91660a7a') in 0.046946 seconds 
  Import took 0.190169 seconds .

========================================================================
Received Import Request.
  Time since last request: 0.000840 seconds.
  path: Assets/Low Poly Hexagons/Assets/Models/Objects/Snowmen.fbx
  artifactKey: Guid(e5521764c522f9b4bb62b1f9687bffad) Importer(815301076,1909f56bfc062723c751e8b465ee728b)
Start importing Assets/Low Poly Hexagons/Assets/Models/Objects/Snowmen.fbx using Guid(e5521764c522f9b4bb62b1f9687bffad) Importer(815301076,1909f56bfc062723c751e8b465ee728b)  -> (artifact id: '547e52d7ecb1e7c7f82c116e79a9ec12') in 0.047422 seconds 
  Import took 0.096728 seconds .

========================================================================
Received Import Request.
  Time since last request: 0.245479 seconds.
  path: Assets/Low Poly Hexagons/Assets/Models/Objects/SnowyForest.fbx
  artifactKey: Guid(cc1ce4a5dea32ed468e94f11f637f10f) Importer(815301076,1909f56bfc062723c751e8b465ee728b)
Start importing Assets/Low Poly Hexagons/Assets/Models/Objects/SnowyForest.fbx using Guid(cc1ce4a5dea32ed468e94f11f637f10f) Importer(815301076,1909f56bfc062723c751e8b465ee728b)  -> (artifact id: '55803de150dbdbacd7b1dc8e02d631f1') in 0.125218 seconds 
  Import took 0.129785 seconds .

========================================================================
Received Import Request.
  Time since last request: 0.000391 seconds.
  path: Assets/StarterAssets/Environment/Art/Models/Stairs_200x100x200_Mesh.fbx
  artifactKey: Guid(fce3bf5a5b603db45ab0048fb6ab44df) Importer(815301076,1909f56bfc062723c751e8b465ee728b)
Start importing Assets/StarterAssets/Environment/Art/Models/Stairs_200x100x200_Mesh.fbx using Guid(fce3bf5a5b603db45ab0048fb6ab44df) Importer(815301076,1909f56bfc062723c751e8b465ee728b)  -> (artifact id: '38db7e37dc852713501a3d40aff73d14') in 0.107287 seconds 
  Import took 0.109994 seconds .

========================================================================
Received Import Request.
  Time since last request: 0.302536 seconds.
  path: Assets/StarterAssets/Environment/Art/Models/Stairs_650_400_300_Mesh.fbx
  artifactKey: Guid(7e0223e1d3e1733499accfa5ebffb67e) Importer(815301076,1909f56bfc062723c751e8b465ee728b)
Start importing Assets/StarterAssets/Environment/Art/Models/Stairs_650_400_300_Mesh.fbx using Guid(7e0223e1d3e1733499accfa5ebffb67e) Importer(815301076,1909f56bfc062723c751e8b465ee728b)  -> (artifact id: 'd0e9ac5e25fb8b5457a776c2113df2bd') in 0.069069 seconds 
  Import took 0.072367 seconds .

========================================================================
Received Import Request.
  Time since last request: 0.000365 seconds.
  path: Assets/StarterAssets/Environment/Art/Models/Structure_Mesh.fbx
  artifactKey: Guid(d0a9bfb4b5f28174884e89dd76563ae8) Importer(815301076,1909f56bfc062723c751e8b465ee728b)
Start importing Assets/StarterAssets/Environment/Art/Models/Structure_Mesh.fbx using Guid(d0a9bfb4b5f28174884e89dd76563ae8) Importer(815301076,1909f56bfc062723c751e8b465ee728b)  -> (artifact id: 'efe728441f8bc159b90b78c102fdf9fc') in 0.070651 seconds 
  Import took 0.099502 seconds .

========================================================================
Received Import Request.
  Time since last request: 0.742999 seconds.
  path: Assets/Low Poly Hexagons/Assets/Models/Objects/Swamp.fbx
  artifactKey: Guid(30b38218aa154f045b0df6d51bde641d) Importer(815301076,1909f56bfc062723c751e8b465ee728b)
Start importing Assets/Low Poly Hexagons/Assets/Models/Objects/Swamp.fbx using Guid(30b38218aa154f045b0df6d51bde641d) Importer(815301076,1909f56bfc062723c751e8b465ee728b)  -> (artifact id: '1ede5aba48fc5854633b4475390bcdfb') in 0.067060 seconds 
  Import took 0.077785 seconds .

========================================================================
Received Import Request.
  Time since last request: 0.000357 seconds.
  path: Assets/StarterAssets/Environment/Art/Models/Wall_Mesh.fbx
  artifactKey: Guid(ff02a0a00ab750f48b09459b1cafd1b8) Importer(815301076,1909f56bfc062723c751e8b465ee728b)
Start importing Assets/StarterAssets/Environment/Art/Models/Wall_Mesh.fbx using Guid(ff02a0a00ab750f48b09459b1cafd1b8) Importer(815301076,1909f56bfc062723c751e8b465ee728b)  -> (artifact id: '718b29a871c791bce1497faf8f3dc1b0') in 0.044693 seconds 
  Import took 0.047322 seconds .

========================================================================
Received Import Request.
  Time since last request: 0.000450 seconds.
  path: Assets/Low Poly Hexagons/Assets/Models/Objects/Town.fbx
  artifactKey: Guid(cb4eccc9f4c069044b0526dfc89cf901) Importer(815301076,1909f56bfc062723c751e8b465ee728b)
Start importing Assets/Low Poly Hexagons/Assets/Models/Objects/Town.fbx using Guid(cb4eccc9f4c069044b0526dfc89cf901) Importer(815301076,1909f56bfc062723c751e8b465ee728b)  -> (artifact id: 'f8578e24fca19ebce31d2140928f19fb') in 0.037291 seconds 
  Import took 0.040667 seconds .

========================================================================
Received Import Request.
  Time since last request: 0.000413 seconds.
  path: Assets/Low Poly Hexagons/Assets/Models/Objects/Village.fbx
  artifactKey: Guid(9e8082fdbbfe7db4f819ecff6a0a8734) Importer(815301076,1909f56bfc062723c751e8b465ee728b)
Start importing Assets/Low Poly Hexagons/Assets/Models/Objects/Village.fbx using Guid(9e8082fdbbfe7db4f819ecff6a0a8734) Importer(815301076,1909f56bfc062723c751e8b465ee728b)  -> (artifact id: 'db6723e8c559e55d3ce162c581e423cc') in 0.036438 seconds 
  Import took 0.039341 seconds .

========================================================================
Received Import Request.
  Time since last request: 46.448655 seconds.
  path: Assets/Low Poly Hexagons/Assets/Models/Hexagons
  artifactKey: Guid(e1b0619d0bb5c9e4b9da7608361bbaca) Importer(815301076,1909f56bfc062723c751e8b465ee728b)
Start importing Assets/Low Poly Hexagons/Assets/Models/Hexagons using Guid(e1b0619d0bb5c9e4b9da7608361bbaca) Importer(815301076,1909f56bfc062723c751e8b465ee728b)  -> (artifact id: '241d0a1ad0159a21a66d4bf032ac1e51') in 0.001904 seconds 
  Import took 0.046924 seconds .

========================================================================
Received Import Request.
  Time since last request: 3140.638236 seconds.
  path: Assets/模型/indoor.fbx
  artifactKey: Guid(c50c75303b3cc2b44aed91c488d5345b) Importer(815301076,1909f56bfc062723c751e8b465ee728b)
Start importing Assets/模型/indoor.fbx using Guid(c50c75303b3cc2b44aed91c488d5345b) Importer(815301076,1909f56bfc062723c751e8b465ee728b)  -> (artifact id: 'b0ad7b1e8675e96061967c9cad398b51') in 0.485047 seconds 
  Import took 0.537000 seconds .

========================================================================
Received Prepare
Registering precompiled user dll's ...
Registered in 0.004333 seconds.
Begin MonoManager ReloadAssembly
Native extension for WindowsStandalone target not found
Native extension for WebGL target not found
Refreshing native plugins compatible for Editor in 0.71 ms, found 2 plugins.
Preloading 0 native plugins for Editor in 0.00 ms.
Mono: successfully reloaded assembly
- Completed reload, in  7.637 seconds
Domain Reload Profiling:
	ReloadAssembly (7701ms)
		BeginReloadAssembly (272ms)
			ExecutionOrderSort (0ms)
			DisableScriptedObjects (17ms)
			BackupInstance (0ms)
			ReleaseScriptingObjects (0ms)
			CreateAndSetChildDomain (116ms)
		EndReloadAssembly (7342ms)
			LoadAssemblies (175ms)
			RebuildTransferFunctionScriptingTraits (0ms)
			SetupTypeCache (445ms)
			ReleaseScriptCaches (1ms)
			RebuildScriptCaches (42ms)
			SetupLoadedEditorAssemblies (1765ms)
				LogAssemblyErrors (0ms)
				InitializePlatformSupportModulesInManaged (306ms)
				SetLoadedEditorAssemblies (1ms)
				RefreshPlugins (175ms)
				BeforeProcessingInitializeOnLoad (99ms)
				ProcessInitializeOnLoadAttributes (1169ms)
				ProcessInitializeOnLoadMethodAttributes (10ms)
				AfterProcessingInitializeOnLoad (3ms)
				EditorAssembliesLoaded (0ms)
			ExecutionOrderSort2 (0ms)
			AwakeInstancesAfterBackupRestoration (9ms)
Platform modules already initialized, skipping
Refreshing native plugins compatible for Editor in 1.50 ms, found 2 plugins.
Preloading 0 native plugins for Editor in 0.00 ms.
Unloading 1846 Unused Serialized files (Serialized files now loaded: 0)
System memory in use before: 86.8 MB.
System memory in use after: 86.9 MB.

Unloading 12 unused Assets to reduce memory usage. Loaded Objects now: 2342.
Total: 4.389700 ms (FindLiveObjects: 0.633300 ms CreateObjectMapping: 0.107800 ms MarkObjects: 3.619100 ms  DeleteObjects: 0.025700 ms)

AssetImportParameters requested are different than current active one (requested -> active):
  custom:framework-win-MediaFoundation: 216162199b28c13a410421893ffa2e32 -> 
  custom:video-decoder-ogg-theora: a1e56fd34408186e4bbccfd4996cb3dc -> 
  custom:container-muxer-webm: aa71ff27fc2769a1b78a27578f13a17b -> 
  custom:container-demuxer-webm: 4f35f7cbe854078d1ac9338744f61a02 -> 
  custom:container-demuxer-ogg: 62fdf1f143b41e24485cea50d1cbac27 -> 
  custom:video-encoder-webm-vp8: eb34c28f22e8b96e1ab97ce403110664 -> 
  custom:video-decoder-webm-vp8: 9c59270c3fd7afecdb556c50c9e8de78 -> 
  custom:audio-decoder-ogg-vorbis: bf7c407c2cedff20999df2af8eb42d56 -> 
  custom:audio-encoder-webm-vorbis: bf7c407c2cedff20999df2af8eb42d56 -> 
========================================================================
Received Import Request.
  Time since last request: 731.493959 seconds.
  path: Assets/模型/text.fbx
  artifactKey: Guid(8ee2c2a1ff4d71747b3767d3ed1668bf) Importer(815301076,1909f56bfc062723c751e8b465ee728b)
Start importing Assets/模型/text.fbx using Guid(8ee2c2a1ff4d71747b3767d3ed1668bf) Importer(815301076,1909f56bfc062723c751e8b465ee728b)  -> (artifact id: 'fe920a32f4edda9efda36ef13ed50e2f') in 0.962845 seconds 
  Import took 0.973696 seconds .

========================================================================
Received Import Request.
  Time since last request: 1227.989055 seconds.
  path: Assets/模型/text2.fbx
  artifactKey: Guid(1e252b99ada1db743aa5291f9eff4fab) Importer(815301076,1909f56bfc062723c751e8b465ee728b)
Start importing Assets/模型/text2.fbx using Guid(1e252b99ada1db743aa5291f9eff4fab) Importer(815301076,1909f56bfc062723c751e8b465ee728b)  -> (artifact id: 'f79371dbebef9fa4bc9019c435786717') in 0.194426 seconds 
  Import took 0.203504 seconds .

========================================================================
Received Import Request.
  Time since last request: 419.158201 seconds.
  path: Assets/模型/text2.fbx
  artifactKey: Guid(1e252b99ada1db743aa5291f9eff4fab) Importer(815301076,1909f56bfc062723c751e8b465ee728b)
Start importing Assets/模型/text2.fbx using Guid(1e252b99ada1db743aa5291f9eff4fab) Importer(815301076,1909f56bfc062723c751e8b465ee728b)  -> (artifact id: '50448dc27fc689396721df0c03edb075') in 0.242413 seconds 
  Import took 0.250565 seconds .

========================================================================
Received Import Request.
  Time since last request: 21.097697 seconds.
  path: Assets/模型/text.fbx
  artifactKey: Guid(8ee2c2a1ff4d71747b3767d3ed1668bf) Importer(815301076,1909f56bfc062723c751e8b465ee728b)
Start importing Assets/模型/text.fbx using Guid(8ee2c2a1ff4d71747b3767d3ed1668bf) Importer(815301076,1909f56bfc062723c751e8b465ee728b)  -> (artifact id: '77efa6ea6fd044e23494b50a17ea9df3') in 0.064256 seconds 
  Import took 0.074903 seconds .

========================================================================
Received Import Request.
  Time since last request: 204.182233 seconds.
  path: Assets/模型/fine.fbx
  artifactKey: Guid(cdb462a59004d02498cb4ee78437933c) Importer(815301076,1909f56bfc062723c751e8b465ee728b)
Start importing Assets/模型/fine.fbx using Guid(cdb462a59004d02498cb4ee78437933c) Importer(815301076,1909f56bfc062723c751e8b465ee728b)  -> (artifact id: '3b20c10c9f52462311c4175ed7d30ff1') in 0.096048 seconds 
  Import took 0.130289 seconds .

========================================================================
Received Import Request.
  Time since last request: 3802.363772 seconds.
  path: Assets/模型/fine.fbm
  artifactKey: Guid(8eb272e1d48a94d43b925031314a3b71) Importer(815301076,1909f56bfc062723c751e8b465ee728b)
Start importing Assets/模型/fine.fbm using Guid(8eb272e1d48a94d43b925031314a3b71) Importer(815301076,1909f56bfc062723c751e8b465ee728b)  -> (artifact id: '66966d778724317d02456d481fb41067') in 0.347079 seconds 
  Import took 0.583433 seconds .

========================================================================
Received Import Request.
  Time since last request: 9.968466 seconds.
  path: Assets/模型/indoor.fbx
  artifactKey: Guid(c50c75303b3cc2b44aed91c488d5345b) Importer(815301076,1909f56bfc062723c751e8b465ee728b)
Start importing Assets/模型/indoor.fbx using Guid(c50c75303b3cc2b44aed91c488d5345b) Importer(815301076,1909f56bfc062723c751e8b465ee728b)  -> (artifact id: 'f6a4af9ecddbfb2921f2dbe19b824b62') in 2.058649 seconds 
  Import took 2.251198 seconds .

========================================================================
Received Import Request.
  Time since last request: 1156.648868 seconds.
  path: Assets/Scenes/New Folder
  artifactKey: Guid(cf207a83bdff0e44191d71fb5fe2b965) Importer(815301076,1909f56bfc062723c751e8b465ee728b)
Start importing Assets/Scenes/New Folder using Guid(cf207a83bdff0e44191d71fb5fe2b965) Importer(815301076,1909f56bfc062723c751e8b465ee728b)  -> (artifact id: '89ae9a098f9e95ae75738abfed851c12') in 0.117273 seconds 
  Import took 0.128617 seconds .

========================================================================
Received Import Request.
  Time since last request: 1.011428 seconds.
  path: Assets/Scenes/SampleScene.unity
  artifactKey: Guid(9fc0d4010bbf28b4594072e72b8655ab) Importer(815301076,1909f56bfc062723c751e8b465ee728b)
Start importing Assets/Scenes/SampleScene.unity using Guid(9fc0d4010bbf28b4594072e72b8655ab) Importer(815301076,1909f56bfc062723c751e8b465ee728b)  -> (artifact id: '619e36cb29a3568df1416ec7e9e4ae99') in 0.038543 seconds 
  Import took 0.077038 seconds .

========================================================================
Received Import Request.
  Time since last request: 7.924402 seconds.
  path: Assets
  artifactKey: Guid(00000000000000001000000000000000) Importer(815301076,1909f56bfc062723c751e8b465ee728b)
Start importing Assets using Guid(00000000000000001000000000000000) Importer(815301076,1909f56bfc062723c751e8b465ee728b)  -> (artifact id: '42d402b061de3733987d63b9cc3b64de') in 0.005029 seconds 
  Import took 0.013801 seconds .

========================================================================
Received Import Request.
  Time since last request: 0.001873 seconds.
  path: Assets
  artifactKey: Guid(00000000000000001000000000000000) Importer(815301076,1909f56bfc062723c751e8b465ee728b)
Start importing Assets using Guid(00000000000000001000000000000000) Importer(815301076,1909f56bfc062723c751e8b465ee728b)  -> (artifact id: '42d402b061de3733987d63b9cc3b64de') in 0.003753 seconds 
  Import took 0.012738 seconds .

========================================================================
Received Import Request.
  Time since last request: 34.477904 seconds.
  path: Assets/New Folder
  artifactKey: Guid(3f66a62faef40a742a8323209eba374e) Importer(815301076,1909f56bfc062723c751e8b465ee728b)
Start importing Assets/New Folder using Guid(3f66a62faef40a742a8323209eba374e) Importer(815301076,1909f56bfc062723c751e8b465ee728b)  -> (artifact id: 'a0d989eff3cb70c6ce0db5b3df551068') in 0.011273 seconds 
  Import took 0.020434 seconds .

========================================================================
Received Import Request.
  Time since last request: 0.919144 seconds.
  path: Assets/Low Poly Hexagons
  artifactKey: Guid(5ffcef718abee3147bf71a08b7ce13fc) Importer(815301076,1909f56bfc062723c751e8b465ee728b)
Start importing Assets/Low Poly Hexagons using Guid(5ffcef718abee3147bf71a08b7ce13fc) Importer(815301076,1909f56bfc062723c751e8b465ee728b)  -> (artifact id: '45233ef4350a775b372b84a732ac3ce3') in 0.004034 seconds 
  Import took 0.012972 seconds .

========================================================================
Received Import Request.
  Time since last request: 14.237779 seconds.
  path: Assets/StarterAssets/Mobile
  artifactKey: Guid(14344c134ca94dc42887027aebcf24a5) Importer(815301076,1909f56bfc062723c751e8b465ee728b)
Start importing Assets/StarterAssets/Mobile using Guid(14344c134ca94dc42887027aebcf24a5) Importer(815301076,1909f56bfc062723c751e8b465ee728b)  -> (artifact id: '1848f8b732d7e8dda5749af44ba2ca2a') in 0.036325 seconds 
  Import took 0.058297 seconds .

========================================================================
Received Import Request.
  Time since last request: 3.645928 seconds.
  path: Assets/StarterAssets/Editor
  artifactKey: Guid(577651ee23b1b8342a827136803910fb) Importer(815301076,1909f56bfc062723c751e8b465ee728b)
Start importing Assets/StarterAssets/Editor using Guid(577651ee23b1b8342a827136803910fb) Importer(815301076,1909f56bfc062723c751e8b465ee728b)  -> (artifact id: 'e4c57f420eb03aa2dd7305cfae48794b') in 0.038593 seconds 
  Import took 0.059840 seconds .

========================================================================
Received Import Request.
  Time since last request: 22.537237 seconds.
  path: Assets/Script
  artifactKey: Guid(3f66a62faef40a742a8323209eba374e) Importer(815301076,1909f56bfc062723c751e8b465ee728b)
Start importing Assets/Script using Guid(3f66a62faef40a742a8323209eba374e) Importer(815301076,1909f56bfc062723c751e8b465ee728b)  -> (artifact id: '6df97c3be83c36957136b96f48d15150') in 0.004178 seconds 
  Import took 0.011937 seconds .

========================================================================
Received Import Request.
  Time since last request: 18.859733 seconds.
  path: Assets/Script/Scenes.cs
  artifactKey: Guid(f5ee51aea665a8b4d90a0aa6d7eab1e7) Importer(815301076,1909f56bfc062723c751e8b465ee728b)
Start importing Assets/Script/Scenes.cs using Guid(f5ee51aea665a8b4d90a0aa6d7eab1e7) Importer(815301076,1909f56bfc062723c751e8b465ee728b)  -> (artifact id: 'bb0c597175a2368da202274e1914104a') in 1.356310 seconds 
  Import took 1.363245 seconds .

========================================================================
Received Prepare
Registering precompiled user dll's ...
Registered in 0.169824 seconds.
Begin MonoManager ReloadAssembly
Native extension for WindowsStandalone target not found
Native extension for WebGL target not found
Refreshing native plugins compatible for Editor in 0.38 ms, found 2 plugins.
Preloading 0 native plugins for Editor in 0.00 ms.
Mono: successfully reloaded assembly
- Completed reload, in  4.620 seconds
Domain Reload Profiling:
	ReloadAssembly (4705ms)
		BeginReloadAssembly (1914ms)
			ExecutionOrderSort (0ms)
			DisableScriptedObjects (462ms)
			BackupInstance (0ms)
			ReleaseScriptingObjects (0ms)
			CreateAndSetChildDomain (798ms)
		EndReloadAssembly (2672ms)
			LoadAssemblies (228ms)
			RebuildTransferFunctionScriptingTraits (0ms)
			SetupTypeCache (496ms)
			ReleaseScriptCaches (18ms)
			RebuildScriptCaches (36ms)
			SetupLoadedEditorAssemblies (933ms)
				LogAssemblyErrors (0ms)
				InitializePlatformSupportModulesInManaged (38ms)
				SetLoadedEditorAssemblies (1ms)
				RefreshPlugins (12ms)
				BeforeProcessingInitializeOnLoad (57ms)
				ProcessInitializeOnLoadAttributes (817ms)
				ProcessInitializeOnLoadMethodAttributes (6ms)
				AfterProcessingInitializeOnLoad (2ms)
				EditorAssembliesLoaded (0ms)
			ExecutionOrderSort2 (0ms)
			AwakeInstancesAfterBackupRestoration (6ms)
Platform modules already initialized, skipping
Refreshing native plugins compatible for Editor in 0.70 ms, found 2 plugins.
Preloading 0 native plugins for Editor in 0.00 ms.
Unloading 1847 Unused Serialized files (Serialized files now loaded: 0)
System memory in use before: 87.0 MB.
System memory in use after: 87.1 MB.

Unloading 12 unused Assets to reduce memory usage. Loaded Objects now: 2346.
Total: 3.775900 ms (FindLiveObjects: 0.281600 ms CreateObjectMapping: 0.096100 ms MarkObjects: 3.379500 ms  DeleteObjects: 0.017500 ms)

AssetImportParameters requested are different than current active one (requested -> active):
  custom:framework-win-MediaFoundation: 216162199b28c13a410421893ffa2e32 -> 
  custom:video-decoder-ogg-theora: a1e56fd34408186e4bbccfd4996cb3dc -> 
  custom:container-muxer-webm: aa71ff27fc2769a1b78a27578f13a17b -> 
  custom:container-demuxer-webm: 4f35f7cbe854078d1ac9338744f61a02 -> 
  custom:container-demuxer-ogg: 62fdf1f143b41e24485cea50d1cbac27 -> 
  custom:video-encoder-webm-vp8: eb34c28f22e8b96e1ab97ce403110664 -> 
  custom:video-decoder-webm-vp8: 9c59270c3fd7afecdb556c50c9e8de78 -> 
  custom:audio-decoder-ogg-vorbis: bf7c407c2cedff20999df2af8eb42d56 -> 
  custom:audio-encoder-webm-vorbis: bf7c407c2cedff20999df2af8eb42d56 -> 
========================================================================
Received Import Request.
  Time since last request: 2101.043051 seconds.
  path: Assets/Script/Scenes.cs
  artifactKey: Guid(f5ee51aea665a8b4d90a0aa6d7eab1e7) Importer(815301076,1909f56bfc062723c751e8b465ee728b)
Start importing Assets/Script/Scenes.cs using Guid(f5ee51aea665a8b4d90a0aa6d7eab1e7) Importer(815301076,1909f56bfc062723c751e8b465ee728b)  -> (artifact id: '3b5179a0eb2dca5c3df5efe76827d0c9') in 0.009772 seconds 
  Import took 0.020395 seconds .

========================================================================
Received Import Request.
  Time since last request: 3561.133058 seconds.
  path: Assets/Script/Scenes.cs
  artifactKey: Guid(f5ee51aea665a8b4d90a0aa6d7eab1e7) Importer(815301076,1909f56bfc062723c751e8b465ee728b)
Start importing Assets/Script/Scenes.cs using Guid(f5ee51aea665a8b4d90a0aa6d7eab1e7) Importer(815301076,1909f56bfc062723c751e8b465ee728b)  -> (artifact id: '9fab119c46a2f53103973e810a9ab399') in 0.004668 seconds 
  Import took 0.014395 seconds .

========================================================================
Received Import Request.
  Time since last request: 0.002007 seconds.
  path: Assets/Script/Scenes.cs
  artifactKey: Guid(f5ee51aea665a8b4d90a0aa6d7eab1e7) Importer(815301076,1909f56bfc062723c751e8b465ee728b)
Start importing Assets/Script/Scenes.cs using Guid(f5ee51aea665a8b4d90a0aa6d7eab1e7) Importer(815301076,1909f56bfc062723c751e8b465ee728b)  -> (artifact id: '9fab119c46a2f53103973e810a9ab399') in 0.033246 seconds 
  Import took 0.052540 seconds .

========================================================================
Received Import Request.
  Time since last request: 869.036142 seconds.
  path: Assets/Script/Scenes.cs
  artifactKey: Guid(f5ee51aea665a8b4d90a0aa6d7eab1e7) Importer(815301076,1909f56bfc062723c751e8b465ee728b)
Start importing Assets/Script/Scenes.cs using Guid(f5ee51aea665a8b4d90a0aa6d7eab1e7) Importer(815301076,1909f56bfc062723c751e8b465ee728b)  -> (artifact id: '6241ce8de72b672fb2c1913edf8f59be') in 0.062738 seconds 
  Import took 0.251914 seconds .

========================================================================
Received Import Request.
  Time since last request: 27.678538 seconds.
  path: Assets/Script/Scenes.cs
  artifactKey: Guid(f5ee51aea665a8b4d90a0aa6d7eab1e7) Importer(815301076,1909f56bfc062723c751e8b465ee728b)
Start importing Assets/Script/Scenes.cs using Guid(f5ee51aea665a8b4d90a0aa6d7eab1e7) Importer(815301076,1909f56bfc062723c751e8b465ee728b)  -> (artifact id: '936f4592a9267fab2d16372c3f383187') in 0.126565 seconds 
  Import took 0.161876 seconds .

========================================================================
Received Import Request.
  Time since last request: 32.719346 seconds.
  path: Assets/Script/Scenes.cs
  artifactKey: Guid(f5ee51aea665a8b4d90a0aa6d7eab1e7) Importer(815301076,1909f56bfc062723c751e8b465ee728b)
Start importing Assets/Script/Scenes.cs using Guid(f5ee51aea665a8b4d90a0aa6d7eab1e7) Importer(815301076,1909f56bfc062723c751e8b465ee728b)  -> (artifact id: 'd12f21d4fbd4220d51e16cb33aae3dab') in 0.003353 seconds 
  Import took 0.548384 seconds .

========================================================================
Received Import Request.
  Time since last request: 0.018884 seconds.
  path: Assets/Script/Scenes.cs
  artifactKey: Guid(f5ee51aea665a8b4d90a0aa6d7eab1e7) Importer(815301076,1909f56bfc062723c751e8b465ee728b)
Start importing Assets/Script/Scenes.cs using Guid(f5ee51aea665a8b4d90a0aa6d7eab1e7) Importer(815301076,1909f56bfc062723c751e8b465ee728b)  -> (artifact id: 'd12f21d4fbd4220d51e16cb33aae3dab') in 0.228644 seconds 
  Import took 0.283259 seconds .

========================================================================
Received Import Request.
  Time since last request: 107.957726 seconds.
  path: Assets/Script/Scenes.cs
  artifactKey: Guid(f5ee51aea665a8b4d90a0aa6d7eab1e7) Importer(815301076,1909f56bfc062723c751e8b465ee728b)
Start importing Assets/Script/Scenes.cs using Guid(f5ee51aea665a8b4d90a0aa6d7eab1e7) Importer(815301076,1909f56bfc062723c751e8b465ee728b)  -> (artifact id: 'dcadb7bd4b244923cb7018323533b3d4') in 0.022537 seconds 
  Import took 0.081301 seconds .

========================================================================
Received Prepare
Registering precompiled user dll's ...
Registered in 0.044603 seconds.
Begin MonoManager ReloadAssembly
Native extension for WindowsStandalone target not found
Native extension for WebGL target not found
Refreshing native plugins compatible for Editor in 0.71 ms, found 2 plugins.
Preloading 0 native plugins for Editor in 0.00 ms.
Mono: successfully reloaded assembly
- Completed reload, in  2.382 seconds
Domain Reload Profiling:
	ReloadAssembly (2399ms)
		BeginReloadAssembly (535ms)
			ExecutionOrderSort (0ms)
			DisableScriptedObjects (28ms)
			BackupInstance (0ms)
			ReleaseScriptingObjects (0ms)
			CreateAndSetChildDomain (336ms)
		EndReloadAssembly (1763ms)
			LoadAssemblies (159ms)
			RebuildTransferFunctionScriptingTraits (0ms)
			SetupTypeCache (514ms)
			ReleaseScriptCaches (2ms)
			RebuildScriptCaches (62ms)
			SetupLoadedEditorAssemblies (787ms)
				LogAssemblyErrors (0ms)
				InitializePlatformSupportModulesInManaged (16ms)
				SetLoadedEditorAssemblies (1ms)
				RefreshPlugins (1ms)
				BeforeProcessingInitializeOnLoad (213ms)
				ProcessInitializeOnLoadAttributes (540ms)
				ProcessInitializeOnLoadMethodAttributes (11ms)
				AfterProcessingInitializeOnLoad (4ms)
				EditorAssembliesLoaded (0ms)
			ExecutionOrderSort2 (0ms)
			AwakeInstancesAfterBackupRestoration (10ms)
Platform modules already initialized, skipping
Refreshing native plugins compatible for Editor in 0.40 ms, found 2 plugins.
Preloading 0 native plugins for Editor in 0.00 ms.
Unloading 1847 Unused Serialized files (Serialized files now loaded: 0)
System memory in use before: 87.0 MB.
System memory in use after: 87.1 MB.

Unloading 12 unused Assets to reduce memory usage. Loaded Objects now: 2348.
Total: 3.603200 ms (FindLiveObjects: 0.228700 ms CreateObjectMapping: 0.106300 ms MarkObjects: 3.229900 ms  DeleteObjects: 0.036500 ms)

AssetImportParameters requested are different than current active one (requested -> active):
  custom:framework-win-MediaFoundation: 216162199b28c13a410421893ffa2e32 -> 
  custom:video-decoder-ogg-theora: a1e56fd34408186e4bbccfd4996cb3dc -> 
  custom:container-muxer-webm: aa71ff27fc2769a1b78a27578f13a17b -> 
  custom:container-demuxer-webm: 4f35f7cbe854078d1ac9338744f61a02 -> 
  custom:container-demuxer-ogg: 62fdf1f143b41e24485cea50d1cbac27 -> 
  custom:video-encoder-webm-vp8: eb34c28f22e8b96e1ab97ce403110664 -> 
  custom:video-decoder-webm-vp8: 9c59270c3fd7afecdb556c50c9e8de78 -> 
  custom:audio-decoder-ogg-vorbis: bf7c407c2cedff20999df2af8eb42d56 -> 
  custom:audio-encoder-webm-vorbis: bf7c407c2cedff20999df2af8eb42d56 -> 
========================================================================
Received Prepare
Registering precompiled user dll's ...
Registered in 0.002269 seconds.
Begin MonoManager ReloadAssembly
Native extension for WindowsStandalone target not found
Native extension for WebGL target not found
Refreshing native plugins compatible for Editor in 0.38 ms, found 2 plugins.
Preloading 0 native plugins for Editor in 0.00 ms.
Mono: successfully reloaded assembly
- Completed reload, in  1.036 seconds
Domain Reload Profiling:
	ReloadAssembly (1049ms)
		BeginReloadAssembly (167ms)
			ExecutionOrderSort (0ms)
			DisableScriptedObjects (4ms)
			BackupInstance (0ms)
			ReleaseScriptingObjects (0ms)
			CreateAndSetChildDomain (49ms)
		EndReloadAssembly (830ms)
			LoadAssemblies (80ms)
			RebuildTransferFunctionScriptingTraits (0ms)
			SetupTypeCache (246ms)
			ReleaseScriptCaches (1ms)
			RebuildScriptCaches (38ms)
			SetupLoadedEditorAssemblies (351ms)
				LogAssemblyErrors (0ms)
				InitializePlatformSupportModulesInManaged (26ms)
				SetLoadedEditorAssemblies (0ms)
				RefreshPlugins (12ms)
				BeforeProcessingInitializeOnLoad (61ms)
				ProcessInitializeOnLoadAttributes (244ms)
				ProcessInitializeOnLoadMethodAttributes (5ms)
				AfterProcessingInitializeOnLoad (2ms)
				EditorAssembliesLoaded (0ms)
			ExecutionOrderSort2 (0ms)
			AwakeInstancesAfterBackupRestoration (6ms)
Platform modules already initialized, skipping
Refreshing native plugins compatible for Editor in 0.38 ms, found 2 plugins.
Preloading 0 native plugins for Editor in 0.00 ms.
Unloading 1847 Unused Serialized files (Serialized files now loaded: 0)
System memory in use before: 87.0 MB.
System memory in use after: 87.1 MB.

Unloading 12 unused Assets to reduce memory usage. Loaded Objects now: 2350.
Total: 3.081500 ms (FindLiveObjects: 0.186100 ms CreateObjectMapping: 0.055300 ms MarkObjects: 2.823300 ms  DeleteObjects: 0.015800 ms)

AssetImportParameters requested are different than current active one (requested -> active):
  custom:framework-win-MediaFoundation: 216162199b28c13a410421893ffa2e32 -> 
  custom:video-decoder-ogg-theora: a1e56fd34408186e4bbccfd4996cb3dc -> 
  custom:container-muxer-webm: aa71ff27fc2769a1b78a27578f13a17b -> 
  custom:container-demuxer-webm: 4f35f7cbe854078d1ac9338744f61a02 -> 
  custom:container-demuxer-ogg: 62fdf1f143b41e24485cea50d1cbac27 -> 
  custom:video-encoder-webm-vp8: eb34c28f22e8b96e1ab97ce403110664 -> 
  custom:video-decoder-webm-vp8: 9c59270c3fd7afecdb556c50c9e8de78 -> 
  custom:audio-decoder-ogg-vorbis: bf7c407c2cedff20999df2af8eb42d56 -> 
  custom:audio-encoder-webm-vorbis: bf7c407c2cedff20999df2af8eb42d56 -> 
========================================================================
Received Import Request.
  Time since last request: 173.290853 seconds.
  path: Assets/Script/Scenes.cs
  artifactKey: Guid(f5ee51aea665a8b4d90a0aa6d7eab1e7) Importer(815301076,1909f56bfc062723c751e8b465ee728b)
Start importing Assets/Script/Scenes.cs using Guid(f5ee51aea665a8b4d90a0aa6d7eab1e7) Importer(815301076,1909f56bfc062723c751e8b465ee728b)  -> (artifact id: '026b5865f715b435526ece2c30034ea0') in 0.028075 seconds 
  Import took 0.134318 seconds .

========================================================================
Received Prepare
Registering precompiled user dll's ...
Registered in 0.002277 seconds.
Begin MonoManager ReloadAssembly
Native extension for WindowsStandalone target not found
Native extension for WebGL target not found
Refreshing native plugins compatible for Editor in 0.36 ms, found 2 plugins.
Preloading 0 native plugins for Editor in 0.00 ms.
Mono: successfully reloaded assembly
- Completed reload, in  1.583 seconds
Domain Reload Profiling:
	ReloadAssembly (1594ms)
		BeginReloadAssembly (104ms)
			ExecutionOrderSort (0ms)
			DisableScriptedObjects (5ms)
			BackupInstance (0ms)
			ReleaseScriptingObjects (0ms)
			CreateAndSetChildDomain (32ms)
		EndReloadAssembly (1439ms)
			LoadAssemblies (81ms)
			RebuildTransferFunctionScriptingTraits (0ms)
			SetupTypeCache (452ms)
			ReleaseScriptCaches (1ms)
			RebuildScriptCaches (46ms)
			SetupLoadedEditorAssemblies (640ms)
				LogAssemblyErrors (0ms)
				InitializePlatformSupportModulesInManaged (23ms)
				SetLoadedEditorAssemblies (0ms)
				RefreshPlugins (8ms)
				BeforeProcessingInitializeOnLoad (64ms)
				ProcessInitializeOnLoadAttributes (534ms)
				ProcessInitializeOnLoadMethodAttributes (6ms)
				AfterProcessingInitializeOnLoad (3ms)
				EditorAssembliesLoaded (0ms)
			ExecutionOrderSort2 (0ms)
			AwakeInstancesAfterBackupRestoration (8ms)
Platform modules already initialized, skipping
Refreshing native plugins compatible for Editor in 0.43 ms, found 2 plugins.
Preloading 0 native plugins for Editor in 0.00 ms.
Unloading 1847 Unused Serialized files (Serialized files now loaded: 0)
System memory in use before: 87.0 MB.
System memory in use after: 87.1 MB.

Unloading 12 unused Assets to reduce memory usage. Loaded Objects now: 2352.
Total: 3.166700 ms (FindLiveObjects: 0.207600 ms CreateObjectMapping: 0.066000 ms MarkObjects: 2.875600 ms  DeleteObjects: 0.016000 ms)

AssetImportParameters requested are different than current active one (requested -> active):
  custom:framework-win-MediaFoundation: 216162199b28c13a410421893ffa2e32 -> 
  custom:video-decoder-ogg-theora: a1e56fd34408186e4bbccfd4996cb3dc -> 
  custom:container-muxer-webm: aa71ff27fc2769a1b78a27578f13a17b -> 
  custom:container-demuxer-webm: 4f35f7cbe854078d1ac9338744f61a02 -> 
  custom:container-demuxer-ogg: 62fdf1f143b41e24485cea50d1cbac27 -> 
  custom:video-encoder-webm-vp8: eb34c28f22e8b96e1ab97ce403110664 -> 
  custom:video-decoder-webm-vp8: 9c59270c3fd7afecdb556c50c9e8de78 -> 
  custom:audio-decoder-ogg-vorbis: bf7c407c2cedff20999df2af8eb42d56 -> 
  custom:audio-encoder-webm-vorbis: bf7c407c2cedff20999df2af8eb42d56 -> 
========================================================================
Received Prepare
Registering precompiled user dll's ...
Registered in 0.002303 seconds.
Begin MonoManager ReloadAssembly
Native extension for WindowsStandalone target not found
Native extension for WebGL target not found
Refreshing native plugins compatible for Editor in 0.37 ms, found 2 plugins.
Preloading 0 native plugins for Editor in 0.00 ms.
Mono: successfully reloaded assembly
- Completed reload, in  1.318 seconds
Domain Reload Profiling:
	ReloadAssembly (1476ms)
		BeginReloadAssembly (337ms)
			ExecutionOrderSort (0ms)
			DisableScriptedObjects (5ms)
			BackupInstance (0ms)
			ReleaseScriptingObjects (0ms)
			CreateAndSetChildDomain (136ms)
		EndReloadAssembly (1083ms)
			LoadAssemblies (82ms)
			RebuildTransferFunctionScriptingTraits (0ms)
			SetupTypeCache (275ms)
			ReleaseScriptCaches (1ms)
			RebuildScriptCaches (43ms)
			SetupLoadedEditorAssemblies (311ms)
				LogAssemblyErrors (0ms)
				InitializePlatformSupportModulesInManaged (8ms)
				SetLoadedEditorAssemblies (0ms)
				RefreshPlugins (23ms)
				BeforeProcessingInitializeOnLoad (61ms)
				ProcessInitializeOnLoadAttributes (210ms)
				ProcessInitializeOnLoadMethodAttributes (7ms)
				AfterProcessingInitializeOnLoad (2ms)
				EditorAssembliesLoaded (0ms)
			ExecutionOrderSort2 (0ms)
			AwakeInstancesAfterBackupRestoration (6ms)
Platform modules already initialized, skipping
Refreshing native plugins compatible for Editor in 0.39 ms, found 2 plugins.
Preloading 0 native plugins for Editor in 0.00 ms.
Unloading 1847 Unused Serialized files (Serialized files now loaded: 0)
System memory in use before: 87.0 MB.
System memory in use after: 87.2 MB.

Unloading 12 unused Assets to reduce memory usage. Loaded Objects now: 2354.
Total: 4.309900 ms (FindLiveObjects: 0.174300 ms CreateObjectMapping: 0.049200 ms MarkObjects: 4.037700 ms  DeleteObjects: 0.046600 ms)

AssetImportParameters requested are different than current active one (requested -> active):
  custom:framework-win-MediaFoundation: 216162199b28c13a410421893ffa2e32 -> 
  custom:video-decoder-ogg-theora: a1e56fd34408186e4bbccfd4996cb3dc -> 
  custom:container-muxer-webm: aa71ff27fc2769a1b78a27578f13a17b -> 
  custom:container-demuxer-webm: 4f35f7cbe854078d1ac9338744f61a02 -> 
  custom:container-demuxer-ogg: 62fdf1f143b41e24485cea50d1cbac27 -> 
  custom:video-encoder-webm-vp8: eb34c28f22e8b96e1ab97ce403110664 -> 
  custom:video-decoder-webm-vp8: 9c59270c3fd7afecdb556c50c9e8de78 -> 
  custom:audio-decoder-ogg-vorbis: bf7c407c2cedff20999df2af8eb42d56 -> 
  custom:audio-encoder-webm-vorbis: bf7c407c2cedff20999df2af8eb42d56 -> 
========================================================================
Received Import Request.
  Time since last request: 4227.496668 seconds.
  path: Assets/VertexColorFarmAnimals/Materials/VertexColorUnlit.mat
  artifactKey: Guid(b83d3bf75db8f704fb67e55cf64a537f) Importer(815301076,1909f56bfc062723c751e8b465ee728b)
Start importing Assets/VertexColorFarmAnimals/Materials/VertexColorUnlit.mat using Guid(b83d3bf75db8f704fb67e55cf64a537f) Importer(815301076,1909f56bfc062723c751e8b465ee728b)  -> (artifact id: '0616fa1ecbd71e5863447a2785cf707b') in 4.114577 seconds 
  Import took 4.430166 seconds .

========================================================================
Received Import Request.
  Time since last request: 0.012247 seconds.
  path: Assets/VertexColorFarmAnimals/Models/ChickenBrown.fbx
  artifactKey: Guid(7bad4e7c89be10a4083226108ffcab9d) Importer(815301076,1909f56bfc062723c751e8b465ee728b)
Start importing Assets/VertexColorFarmAnimals/Models/ChickenBrown.fbx using Guid(7bad4e7c89be10a4083226108ffcab9d) Importer(815301076,1909f56bfc062723c751e8b465ee728b)  -> (artifact id: '60e4191d01f76a209199071f88bf3720') in 4.238114 seconds 
  Import took 4.607963 seconds .

========================================================================
Received Import Request.
  Time since last request: 0.001602 seconds.
  path: Assets/VertexColorFarmAnimals/Models/Pig.fbx
  artifactKey: Guid(0b54733d5329ad34db9d1e5fe04739e6) Importer(815301076,1909f56bfc062723c751e8b465ee728b)
Start importing Assets/VertexColorFarmAnimals/Models/Pig.fbx using Guid(0b54733d5329ad34db9d1e5fe04739e6) Importer(815301076,1909f56bfc062723c751e8b465ee728b)  -> (artifact id: '9b21dfc8809f936dbbead68e174f6c78') in 0.586552 seconds 
  Import took 0.930710 seconds .

========================================================================
Received Import Request.
  Time since last request: 0.058764 seconds.
  path: Assets/VertexColorFarmAnimals/Models/CowBlW.fbx
  artifactKey: Guid(33bee4529afa2d740bfcc71a4c9f1f2c) Importer(815301076,1909f56bfc062723c751e8b465ee728b)
Start importing Assets/VertexColorFarmAnimals/Models/CowBlW.fbx using Guid(33bee4529afa2d740bfcc71a4c9f1f2c) Importer(815301076,1909f56bfc062723c751e8b465ee728b)  -> (artifact id: '632f1df1fcfd00176361870466879e24') in 0.444468 seconds 
  Import took 0.527916 seconds .

========================================================================
Received Import Request.
  Time since last request: 0.000727 seconds.
  path: Assets/VertexColorFarmAnimals/Models/SheepWhite.fbx
  artifactKey: Guid(5d8504897ce36db4ea5e50f018657780) Importer(815301076,1909f56bfc062723c751e8b465ee728b)
Start importing Assets/VertexColorFarmAnimals/Models/SheepWhite.fbx using Guid(5d8504897ce36db4ea5e50f018657780) Importer(815301076,1909f56bfc062723c751e8b465ee728b)  -> (artifact id: '6760391d6f3f2a169b010eafa199ef36') in 0.086709 seconds 
  Import took 0.145409 seconds .

========================================================================
Received Import Request.
  Time since last request: 0.000909 seconds.
  path: Assets/VertexColorFarmAnimals/Models/DuckWhite.fbx
  artifactKey: Guid(82d0b33fd2ad44744aa557711150e99e) Importer(815301076,1909f56bfc062723c751e8b465ee728b)
Start importing Assets/VertexColorFarmAnimals/Models/DuckWhite.fbx using Guid(82d0b33fd2ad44744aa557711150e99e) Importer(815301076,1909f56bfc062723c751e8b465ee728b)  -> (artifact id: 'a7dcfd578b797cd465898eba12bf4bf5') in 0.155776 seconds 
  Import took 0.175780 seconds .

========================================================================
Received Import Request.
  Time since last request: 29.090604 seconds.
  path: Assets/VertexColorFarmAnimals/Prefabs/ChickenBrown.prefab
  artifactKey: Guid(3b1e3e9155d404942bc65d9aa80120ba) Importer(815301076,1909f56bfc062723c751e8b465ee728b)
Start importing Assets/VertexColorFarmAnimals/Prefabs/ChickenBrown.prefab using Guid(3b1e3e9155d404942bc65d9aa80120ba) Importer(815301076,1909f56bfc062723c751e8b465ee728b)  -> (artifact id: '5e77a0953ffe9866c9ae999b88458eff') in 0.243540 seconds 
  Import took 0.253915 seconds .

========================================================================
Received Import Request.
  Time since last request: 0.000876 seconds.
  path: Assets/VertexColorFarmAnimals/Prefabs/CowBlW.prefab
  artifactKey: Guid(9ec060093457ad84ca2733cb15c2c41e) Importer(815301076,1909f56bfc062723c751e8b465ee728b)
Start importing Assets/VertexColorFarmAnimals/Prefabs/CowBlW.prefab using Guid(9ec060093457ad84ca2733cb15c2c41e) Importer(815301076,1909f56bfc062723c751e8b465ee728b)  -> (artifact id: '5497726771b7f9912a5f589b4cc16867') in 0.042403 seconds 
  Import took 0.050562 seconds .

========================================================================
Received Import Request.
  Time since last request: 0.000766 seconds.
  path: Assets/VertexColorFarmAnimals/Prefabs/DuckWhite.prefab
  artifactKey: Guid(32026357c04e0e944835774b42e3c1b7) Importer(815301076,1909f56bfc062723c751e8b465ee728b)
Start importing Assets/VertexColorFarmAnimals/Prefabs/DuckWhite.prefab using Guid(32026357c04e0e944835774b42e3c1b7) Importer(815301076,1909f56bfc062723c751e8b465ee728b)  -> (artifact id: '9e0edf4fdd700de9ce5658d196b726c3') in 0.012721 seconds 
  Import took 0.020839 seconds .

========================================================================
Received Import Request.
  Time since last request: 0.028263 seconds.
  path: Assets/VertexColorFarmAnimals/Prefabs/Pig.prefab
  artifactKey: Guid(de6abd774f85e18408346a3233418242) Importer(815301076,1909f56bfc062723c751e8b465ee728b)
Start importing Assets/VertexColorFarmAnimals/Prefabs/Pig.prefab using Guid(de6abd774f85e18408346a3233418242) Importer(815301076,1909f56bfc062723c751e8b465ee728b)  -> (artifact id: '4b480142546bd5a7b7824dc79f289916') in 0.014436 seconds 
  Import took 0.037724 seconds .

========================================================================
Received Import Request.
  Time since last request: 0.001149 seconds.
  path: Assets/VertexColorFarmAnimals/Prefabs/DuckWhite.prefab
  artifactKey: Guid(32026357c04e0e944835774b42e3c1b7) Importer(815301076,1909f56bfc062723c751e8b465ee728b)
Start importing Assets/VertexColorFarmAnimals/Prefabs/DuckWhite.prefab using Guid(32026357c04e0e944835774b42e3c1b7) Importer(815301076,1909f56bfc062723c751e8b465ee728b)  -> (artifact id: '9e0edf4fdd700de9ce5658d196b726c3') in 0.027397 seconds 
  Import took 0.037024 seconds .

========================================================================
Received Import Request.
  Time since last request: 0.001163 seconds.
  path: Assets/VertexColorFarmAnimals/Prefabs/SheepWhite.prefab
  artifactKey: Guid(e82139b3bae6212439ea1e85ad29678b) Importer(815301076,1909f56bfc062723c751e8b465ee728b)
Start importing Assets/VertexColorFarmAnimals/Prefabs/SheepWhite.prefab using Guid(e82139b3bae6212439ea1e85ad29678b) Importer(815301076,1909f56bfc062723c751e8b465ee728b)  -> (artifact id: 'f8607c71b85b1c169eeb96e5e51b943f') in 0.013721 seconds 
  Import took 0.022593 seconds .

========================================================================
Received Prepare
Registering precompiled user dll's ...
Registered in 0.002350 seconds.
Begin MonoManager ReloadAssembly
Native extension for WindowsStandalone target not found
Native extension for WebGL target not found
Refreshing native plugins compatible for Editor in 1.65 ms, found 2 plugins.
Preloading 0 native plugins for Editor in 0.00 ms.
Mono: successfully reloaded assembly
- Completed reload, in  2.311 seconds
Domain Reload Profiling:
	ReloadAssembly (2320ms)
		BeginReloadAssembly (437ms)
			ExecutionOrderSort (0ms)
			DisableScriptedObjects (33ms)
			BackupInstance (0ms)
			ReleaseScriptingObjects (0ms)
			CreateAndSetChildDomain (227ms)
		EndReloadAssembly (1797ms)
			LoadAssemblies (186ms)
			RebuildTransferFunctionScriptingTraits (0ms)
			SetupTypeCache (420ms)
			ReleaseScriptCaches (1ms)
			RebuildScriptCaches (61ms)
			SetupLoadedEditorAssemblies (980ms)
				LogAssemblyErrors (0ms)
				InitializePlatformSupportModulesInManaged (7ms)
				SetLoadedEditorAssemblies (1ms)
				RefreshPlugins (2ms)
				BeforeProcessingInitializeOnLoad (93ms)
				ProcessInitializeOnLoadAttributes (864ms)
				ProcessInitializeOnLoadMethodAttributes (10ms)
				AfterProcessingInitializeOnLoad (3ms)
				EditorAssembliesLoaded (0ms)
			ExecutionOrderSort2 (0ms)
			AwakeInstancesAfterBackupRestoration (10ms)
Platform modules already initialized, skipping
Refreshing native plugins compatible for Editor in 1.17 ms, found 2 plugins.
Preloading 0 native plugins for Editor in 0.00 ms.
Unloading 1848 Unused Serialized files (Serialized files now loaded: 0)
System memory in use before: 87.4 MB.
System memory in use after: 87.5 MB.

Unloading 12 unused Assets to reduce memory usage. Loaded Objects now: 2358.
Total: 4.701000 ms (FindLiveObjects: 0.799600 ms CreateObjectMapping: 0.149500 ms MarkObjects: 3.692300 ms  DeleteObjects: 0.057600 ms)

AssetImportParameters requested are different than current active one (requested -> active):
  custom:framework-win-MediaFoundation: 216162199b28c13a410421893ffa2e32 -> 
  custom:video-decoder-ogg-theora: a1e56fd34408186e4bbccfd4996cb3dc -> 
  custom:container-muxer-webm: aa71ff27fc2769a1b78a27578f13a17b -> 
  custom:container-demuxer-webm: 4f35f7cbe854078d1ac9338744f61a02 -> 
  custom:container-demuxer-ogg: 62fdf1f143b41e24485cea50d1cbac27 -> 
  custom:video-encoder-webm-vp8: eb34c28f22e8b96e1ab97ce403110664 -> 
  custom:video-decoder-webm-vp8: 9c59270c3fd7afecdb556c50c9e8de78 -> 
  custom:audio-decoder-ogg-vorbis: bf7c407c2cedff20999df2af8eb42d56 -> 
  custom:audio-encoder-webm-vorbis: bf7c407c2cedff20999df2af8eb42d56 -> 
========================================================================
Received Prepare
Registering precompiled user dll's ...
Registered in 0.002591 seconds.
Begin MonoManager ReloadAssembly
Native extension for WindowsStandalone target not found
Native extension for WebGL target not found
Refreshing native plugins compatible for Editor in 0.53 ms, found 2 plugins.
Preloading 0 native plugins for Editor in 0.00 ms.
Mono: successfully reloaded assembly
- Completed reload, in  1.943 seconds
Domain Reload Profiling:
	ReloadAssembly (1963ms)
		BeginReloadAssembly (139ms)
			ExecutionOrderSort (0ms)
			DisableScriptedObjects (7ms)
			BackupInstance (0ms)
			ReleaseScriptingObjects (0ms)
			CreateAndSetChildDomain (51ms)
		EndReloadAssembly (1767ms)
			LoadAssemblies (85ms)
			RebuildTransferFunctionScriptingTraits (0ms)
			SetupTypeCache (305ms)
			ReleaseScriptCaches (1ms)
			RebuildScriptCaches (43ms)
			SetupLoadedEditorAssemblies (1195ms)
				LogAssemblyErrors (0ms)
				InitializePlatformSupportModulesInManaged (53ms)
				SetLoadedEditorAssemblies (1ms)
				RefreshPlugins (23ms)
				BeforeProcessingInitializeOnLoad (127ms)
				ProcessInitializeOnLoadAttributes (960ms)
				ProcessInitializeOnLoadMethodAttributes (28ms)
				AfterProcessingInitializeOnLoad (2ms)
				EditorAssembliesLoaded (0ms)
			ExecutionOrderSort2 (0ms)
			AwakeInstancesAfterBackupRestoration (40ms)
Platform modules already initialized, skipping
Refreshing native plugins compatible for Editor in 0.38 ms, found 2 plugins.
Preloading 0 native plugins for Editor in 0.00 ms.
Unloading 1847 Unused Serialized files (Serialized files now loaded: 0)
System memory in use before: 87.1 MB.
System memory in use after: 87.2 MB.

Unloading 12 unused Assets to reduce memory usage. Loaded Objects now: 2360.
Total: 4.098900 ms (FindLiveObjects: 0.210500 ms CreateObjectMapping: 0.069100 ms MarkObjects: 3.764300 ms  DeleteObjects: 0.053600 ms)

AssetImportParameters requested are different than current active one (requested -> active):
  custom:framework-win-MediaFoundation: 216162199b28c13a410421893ffa2e32 -> 
  custom:video-decoder-ogg-theora: a1e56fd34408186e4bbccfd4996cb3dc -> 
  custom:container-muxer-webm: aa71ff27fc2769a1b78a27578f13a17b -> 
  custom:container-demuxer-webm: 4f35f7cbe854078d1ac9338744f61a02 -> 
  custom:container-demuxer-ogg: 62fdf1f143b41e24485cea50d1cbac27 -> 
  custom:video-encoder-webm-vp8: eb34c28f22e8b96e1ab97ce403110664 -> 
  custom:video-decoder-webm-vp8: 9c59270c3fd7afecdb556c50c9e8de78 -> 
  custom:audio-decoder-ogg-vorbis: bf7c407c2cedff20999df2af8eb42d56 -> 
  custom:audio-encoder-webm-vorbis: bf7c407c2cedff20999df2af8eb42d56 -> 
========================================================================
Received Prepare
Registering precompiled user dll's ...
Registered in 0.002390 seconds.
Begin MonoManager ReloadAssembly
Native extension for WindowsStandalone target not found
Native extension for WebGL target not found
Refreshing native plugins compatible for Editor in 0.36 ms, found 2 plugins.
Preloading 0 native plugins for Editor in 0.00 ms.
Mono: successfully reloaded assembly
- Completed reload, in  2.133 seconds
Domain Reload Profiling:
	ReloadAssembly (2369ms)
		BeginReloadAssembly (261ms)
			ExecutionOrderSort (0ms)
			DisableScriptedObjects (4ms)
			BackupInstance (0ms)
			ReleaseScriptingObjects (0ms)
			CreateAndSetChildDomain (44ms)
		EndReloadAssembly (1959ms)
			LoadAssemblies (85ms)
			RebuildTransferFunctionScriptingTraits (0ms)
			SetupTypeCache (807ms)
			ReleaseScriptCaches (1ms)
			RebuildScriptCaches (39ms)
			SetupLoadedEditorAssemblies (810ms)
				LogAssemblyErrors (0ms)
				InitializePlatformSupportModulesInManaged (116ms)
				SetLoadedEditorAssemblies (0ms)
				RefreshPlugins (101ms)
				BeforeProcessingInitializeOnLoad (97ms)
				ProcessInitializeOnLoadAttributes (488ms)
				ProcessInitializeOnLoadMethodAttributes (5ms)
				AfterProcessingInitializeOnLoad (2ms)
				EditorAssembliesLoaded (0ms)
			ExecutionOrderSort2 (0ms)
			AwakeInstancesAfterBackupRestoration (6ms)
Platform modules already initialized, skipping
Refreshing native plugins compatible for Editor in 0.38 ms, found 2 plugins.
Preloading 0 native plugins for Editor in 0.00 ms.
Unloading 1847 Unused Serialized files (Serialized files now loaded: 0)
System memory in use before: 87.1 MB.
System memory in use after: 87.2 MB.

Unloading 12 unused Assets to reduce memory usage. Loaded Objects now: 2362.
Total: 3.128000 ms (FindLiveObjects: 0.247800 ms CreateObjectMapping: 0.055900 ms MarkObjects: 2.806800 ms  DeleteObjects: 0.016100 ms)

AssetImportParameters requested are different than current active one (requested -> active):
  custom:framework-win-MediaFoundation: 216162199b28c13a410421893ffa2e32 -> 
  custom:video-decoder-ogg-theora: a1e56fd34408186e4bbccfd4996cb3dc -> 
  custom:container-muxer-webm: aa71ff27fc2769a1b78a27578f13a17b -> 
  custom:container-demuxer-webm: 4f35f7cbe854078d1ac9338744f61a02 -> 
  custom:container-demuxer-ogg: 62fdf1f143b41e24485cea50d1cbac27 -> 
  custom:video-encoder-webm-vp8: eb34c28f22e8b96e1ab97ce403110664 -> 
  custom:video-decoder-webm-vp8: 9c59270c3fd7afecdb556c50c9e8de78 -> 
  custom:audio-decoder-ogg-vorbis: bf7c407c2cedff20999df2af8eb42d56 -> 
  custom:audio-encoder-webm-vorbis: bf7c407c2cedff20999df2af8eb42d56 -> 
